<?xml version="1.0" encoding="UTF-8" ?>
<testsuite errors="0" failures="0" hostname="ubuntu" name="sernet.verinice.rcp.test.PerspectiveSwitcherTest" tests="0" time="0.18" timestamp="2018-05-30T20:06:39">
  <properties>
    <property name="maven.dependency.p2.eclipse-plugin.org.eclipse.help.ui.jar.path" value="/home/santiago/.m2/repository/p2/osgi/bundle/org.eclipse.help.ui/3.5.101.r37_20110819/org.eclipse.help.ui-3.5.101.r37_20110819.jar" />
    <property name="project.name" value="sernet.gs.ui.rcp.main" />
    <property name="maven.dependency.p2.eclipse-plugin.com.springsource.org.apache.commons.lang.jar.path" value="/home/santiago/.m2/repository/p2/osgi/bundle/com.springsource.org.apache.commons.lang/2.4.0/com.springsource.org.apache.commons.lang-2.4.0.jar" />
    <property name="maven.dependency.p2.eclipse-plugin.org.eclipse.help.base.jar.path" value="/home/santiago/.m2/repository/p2/osgi/bundle/org.eclipse.help.base/3.6.2.v201202080800/org.eclipse.help.base-3.6.2.v201202080800.jar" />
    <property name="p2.eclipse-plugin:jbpm:jar:jbpm-4.4-SN.jar" value="/home/santiago/.m2/repository/.cache/tycho/jbpm-4.4.0.jar/jbpm-4.4-SN.jar" />
    <property name="maven.dependency.p2.eclipse-plugin.org.apache.servicemix.bundles.elasticsearch.jar.path" value="/home/santiago/.m2/repository/p2/osgi/bundle/org.apache.servicemix.bundles.elasticsearch/1.4.1.1/org.apache.servicemix.bundles.elasticsearch-1.4.1.1.jar" />
    <property name="maven.dependency.p2.eclipse-plugin.com.springsource.javassist.jar.path" value="/home/santiago/.m2/repository/p2/osgi/bundle/com.springsource.javassist/3.3.0.ga/com.springsource.javassist-3.3.0.ga.jar" />
    <property name="p2.eclipse-plugin:jfreechart-1.0.11-experimental:jar" value="/home/santiago/.m2/repository/p2/osgi/bundle/jfreechart-1.0.11-experimental/1.0.11/jfreechart-1.0.11-experimental-1.0.11.jar" />
    <property name="p2.eclipse-plugin:com.springsource.org.quartz:jar" value="/home/santiago/.m2/repository/p2/osgi/bundle/com.springsource.org.quartz/1.6.2/com.springsource.org.quartz-1.6.2.jar" />
    <property name="maven.dependency.p2.eclipse-plugin.jfreechart.jar.path" value="/home/santiago/.m2/repository/p2/osgi/bundle/jfreechart/1.0.11/jfreechart-1.0.11.jar" />
    <property name="maven.dependency.p2.eclipse-plugin.com.springsource.org.objectweb.asm.jar.path" value="/home/santiago/.m2/repository/p2/osgi/bundle/com.springsource.org.objectweb.asm/1.5.3/com.springsource.org.objectweb.asm-1.5.3.jar" />
    <property name="maven.dependency.p2.eclipse-plugin.org.springframework.context.jar.path" value="/home/santiago/.m2/repository/p2/osgi/bundle/org.springframework.context/2.5.6.SEC01/org.springframework.context-2.5.6.SEC01.jar" />
    <property name="maven.dependency.p2.eclipse-plugin.org.eclipse.ui.views.jar.path" value="/home/santiago/.m2/repository/p2/osgi/bundle/org.eclipse.ui.views/3.6.0.v20110928-1505/org.eclipse.ui.views-3.6.0.v20110928-1505.jar" />
    <property name="p2.eclipse-plugin:org.eclipse.equinox.p2.core:jar" value="/home/santiago/.m2/repository/p2/osgi/bundle/org.eclipse.equinox.p2.core/2.1.1.v20120113-1346/org.eclipse.equinox.p2.core-2.1.1.v20120113-1346.jar" />
    <property name="maven.dependency.p2.eclipse-plugin.org.springframework.xml.jar.path" value="/home/santiago/.m2/repository/p2/osgi/bundle/org.springframework.xml/1.5.5.A/org.springframework.xml-1.5.5.A.jar" />
    <property name="maven.dependency.p2.eclipse-plugin.sernet.gs.service.lib/tagsoup-1.1.3-ak.jar.jar.path" value="/home/santiago/.m2/repository/.cache/tycho/sernet.gs.service-1.12.0-SNAPSHOT.jar/lib/tagsoup-1.1.3-ak.jar" />
    <property name="ant.core.lib" value="/home/santiago/.m2/repository/org/apache/ant/ant/1.9.4/ant-1.9.4.jar" />
    <property name="maven.dependency.p2.eclipse-plugin.org.eclipse.equinox.p2.ui.jar.path" value="/home/santiago/.m2/repository/p2/osgi/bundle/org.eclipse.equinox.p2.ui/2.1.1.v20120113-1346/org.eclipse.equinox.p2.ui-2.1.1.v20120113-1346.jar" />
    <property name="p2.eclipse-plugin:org.eclipse.equinox.p2.director:jar" value="/home/santiago/.m2/repository/p2/osgi/bundle/org.eclipse.equinox.p2.director/2.1.1.v20111126-0211/org.eclipse.equinox.p2.director-2.1.1.v20111126-0211.jar" />
    <property name="maven.dependency.p2.eclipse-plugin.org.eclipse.swt.gtk.linux.x86_64.jar.path" value="/home/santiago/.m2/repository/p2/osgi/bundle/org.eclipse.swt.gtk.linux.x86_64/3.7.2.v3740f/org.eclipse.swt.gtk.linux.x86_64-3.7.2.v3740f.jar" />
    <property name="user.dir" value="/home/santiago/Projects/Research/verinice-master/sernet.verinice.releng.parent" />
    <property name="java.vm.version" value="25.171-b11" />
    <property name="p2.eclipse-plugin:org.sat4j.core:jar" value="/home/santiago/.m2/repository/p2/osgi/bundle/org.sat4j.core/2.3.0.v20110329/org.sat4j.core-2.3.0.v20110329.jar" />
    <property name="p2.eclipse-plugin:org.springframework.security.core:jar" value="/home/santiago/.m2/repository/p2/osgi/bundle/org.springframework.security.core/2.0.5.RELEASE/org.springframework.security.core-2.0.5.RELEASE.jar" />
    <property name="p2.eclipse-plugin:opencsv-3.3:jar:opencsv-3.3.jar" value="/home/santiago/.m2/repository/.cache/tycho/opencsv-3.3-3.3.0.jar/opencsv-3.3.jar" />
    <property name="p2.eclipse-plugin:org.eclipse.equinox.p2.repository:jar" value="/home/santiago/.m2/repository/p2/osgi/bundle/org.eclipse.equinox.p2.repository/2.1.1.v20120113-1346/org.eclipse.equinox.p2.repository-2.1.1.v20120113-1346.jar" />
    <property name="tycho-version" value="0.22.0" />
    <property name="maven.dependency.p2.eclipse-plugin.org.eclipse.core.jobs.jar.path" value="/home/santiago/.m2/repository/p2/osgi/bundle/org.eclipse.core.jobs/3.5.101.v20120113-1953/org.eclipse.core.jobs-3.5.101.v20120113-1953.jar" />
    <property name="maven.dependency.p2.eclipse-plugin.org.apache.lucene.misc.jar.path" value="/home/santiago/.m2/repository/p2/osgi/bundle/org.apache.lucene.misc/2.9.1.v20100421-0704/org.apache.lucene.misc-2.9.1.v20100421-0704.jar" />
    <property name="maven.dependency.p2.eclipse-plugin.org.springframework.ws.jar.path" value="/home/santiago/.m2/repository/p2/osgi/bundle/org.springframework.ws/1.5.5.A/org.springframework.ws-1.5.5.A.jar" />
    <property name="maven.dependency.p2.eclipse-plugin.sernet.gs.service.lib/saxon9/saxon9-xqj.jar.jar.path" value="/home/santiago/.m2/repository/.cache/tycho/sernet.gs.service-1.12.0-SNAPSHOT.jar/lib/saxon9/saxon9-xqj.jar" />
    <property name="maven.dependency.p2.eclipse-plugin.org.apache.lucene.spellchecker.jar.path" value="/home/santiago/.m2/repository/p2/osgi/bundle/org.apache.lucene.spellchecker/2.9.1.v20100421-0704/org.apache.lucene.spellchecker-2.9.1.v20100421-0704.jar" />
    <property name="p2.eclipse-plugin:org.eclipse.equinox.p2.ui:jar" value="/home/santiago/.m2/repository/p2/osgi/bundle/org.eclipse.equinox.p2.ui/2.1.1.v20120113-1346/org.eclipse.equinox.p2.ui-2.1.1.v20120113-1346.jar" />
    <property name="p2.eclipse-plugin:org.eclipse.ui:jar" value="/home/santiago/.m2/repository/p2/osgi/bundle/org.eclipse.ui/3.7.0.v20110928-1505/org.eclipse.ui-3.7.0.v20110928-1505.jar" />
    <property name="sun.os.patch.level" value="unknown" />
    <property name="maven.dependency.p2.eclipse-plugin.opencsv-3.3.commons-lang3-3.3.2.jar.jar.path" value="/home/santiago/.m2/repository/.cache/tycho/opencsv-3.3-3.3.0.jar/commons-lang3-3.3.2.jar" />
    <property name="p2.eclipse-plugin:org.eclipse.help.ui:jar" value="/home/santiago/.m2/repository/p2/osgi/bundle/org.eclipse.help.ui/3.5.101.r37_20110819/org.eclipse.help.ui-3.5.101.r37_20110819.jar" />
    <property name="java.vm.specification.name" value="Java Virtual Machine Specification" />
    <property name="maven.dependency.p2.eclipse-plugin.com.springsource.org.aspectj.runtime.jar.path" value="/home/santiago/.m2/repository/p2/osgi/bundle/com.springsource.org.aspectj.runtime/1.6.5.RELEASE/com.springsource.org.aspectj.runtime-1.6.5.RELEASE.jar" />
    <property name="maven.dependency.p2.eclipse-plugin.org.springframework.context.support.jar.path" value="/home/santiago/.m2/repository/p2/osgi/bundle/org.springframework.context.support/2.5.6.SEC01/org.springframework.context.support-2.5.6.SEC01.jar" />
    <property name="maven.dependency.p2.eclipse-plugin.org.sat4j.core.jar.path" value="/home/santiago/.m2/repository/p2/osgi/bundle/org.sat4j.core/2.3.0.v20110329/org.sat4j.core-2.3.0.v20110329.jar" />
    <property name="p2.eclipse-plugin:org.apache.lucene.analysis:jar" value="/home/santiago/.m2/repository/p2/osgi/bundle/org.apache.lucene.analysis/2.9.1.v201101211721/org.apache.lucene.analysis-2.9.1.v201101211721.jar" />
    <property name="os.name" value="Linux" />
    <property name="maven.dependency.p2.eclipse-plugin.org.eclipse.core.commands.jar.path" value="/home/santiago/.m2/repository/p2/osgi/bundle/org.eclipse.core.commands/3.6.0.I20110111-0800/org.eclipse.core.commands-3.6.0.I20110111-0800.jar" />
    <property name="p2.eclipse-plugin:org.apache.commons.codec:jar" value="/home/santiago/.m2/repository/p2/osgi/bundle/org.apache.commons.codec/1.3.0.v201101211617/org.apache.commons.codec-1.3.0.v201101211617.jar" />
    <property name="project.groupId" value="sernet.verinice" />
    <property name="maven.dependency.p2.eclipse-plugin.org.eclipse.core.runtime.jar.path" value="/home/santiago/.m2/repository/p2/osgi/bundle/org.eclipse.core.runtime/3.7.0.v20110110/org.eclipse.core.runtime-3.7.0.v20110110.jar" />
    <property name="maven.dependency.p2.eclipse-plugin.com.springsource.org.quartz.jar.path" value="/home/santiago/.m2/repository/p2/osgi/bundle/com.springsource.org.quartz/1.6.2/com.springsource.org.quartz-1.6.2.jar" />
    <property name="maven.dependency.p2.eclipse-plugin.com.springsource.org.jdom.jar.path" value="/home/santiago/.m2/repository/p2/osgi/bundle/com.springsource.org.jdom/1.1.0/com.springsource.org.jdom-1.1.0.jar" />
    <property name="maven.dependency.p2.eclipse-plugin.com.springsource.org.apache.commons.io.jar.path" value="/home/santiago/.m2/repository/p2/osgi/bundle/com.springsource.org.apache.commons.io/1.4.0/com.springsource.org.apache.commons.io-1.4.0.jar" />
    <property name="project.build.testSourceDirectory" value="/home/santiago/Projects/Research/verinice-master/sernet.gs.ui.rcp.main/testSrc" />
    <property name="p2.eclipse-plugin:jbpm:jar:juel-impl.jar" value="/home/santiago/.m2/repository/.cache/tycho/jbpm-4.4.0.jar/juel-impl.jar" />
    <property name="p2.eclipse-plugin:org.eclipse.core.filesystem:jar" value="/home/santiago/.m2/repository/p2/osgi/bundle/org.eclipse.core.filesystem/1.3.100.v20110423-0524/org.eclipse.core.filesystem-1.3.100.v20110423-0524.jar" />
    <property name="p2.eclipse-plugin:org.springframework.context.support:jar" value="/home/santiago/.m2/repository/p2/osgi/bundle/org.springframework.context.support/2.5.6.SEC01/org.springframework.context.support-2.5.6.SEC01.jar" />
    <property name="maven.dependency.p2.eclipse-plugin.com.springsource.org.apache.commons.net.jar.path" value="/home/santiago/.m2/repository/p2/osgi/bundle/com.springsource.org.apache.commons.net/1.4.1/com.springsource.org.apache.commons.net-1.4.1.jar" />
    <property name="maven.dependency.p2.eclipse-plugin.org.eclipse.equinox.security.jar.path" value="/home/santiago/.m2/repository/p2/osgi/bundle/org.eclipse.equinox.security/1.1.1.R37x_v20110822-1018/org.eclipse.equinox.security-1.1.1.R37x_v20110822-1018.jar" />
    <property name="p2.eclipse-plugin:com.springsource.org.junit:jar" value="/home/santiago/.m2/repository/p2/osgi/bundle/com.springsource.org.junit/4.4.0/com.springsource.org.junit-4.4.0.jar" />
    <property name="java.vendor.url.bug" value="http://bugreport.sun.com/bugreport/" />
    <property name="p2.eclipse-plugin:org.eclipse.core.commands:jar" value="/home/santiago/.m2/repository/p2/osgi/bundle/org.eclipse.core.commands/3.6.0.I20110111-0800/org.eclipse.core.commands-3.6.0.I20110111-0800.jar" />
    <property name="os.arch" value="amd64" />
    <property name="p2.eclipse-plugin:sernet.hui.swtclient:jar" value="/home/santiago/.m2/repository/sernet/verinice/sernet.hui.swtclient/1.1.2-SNAPSHOT/sernet.hui.swtclient-1.1.2-SNAPSHOT.jar" />
    <property name="user.name" value="santiago" />
    <property name="p2.eclipse-plugin:org.eclipse.equinox.simpleconfigurator:jar" value="/home/santiago/.m2/repository/p2/osgi/bundle/org.eclipse.equinox.simpleconfigurator/1.0.200.v20110815-1438/org.eclipse.equinox.simpleconfigurator-1.0.200.v20110815-1438.jar" />
    <property name="p2.eclipse-plugin:org.eclipse.jface.databinding:jar" value="/home/santiago/.m2/repository/p2/osgi/bundle/org.eclipse.jface.databinding/1.5.0.I20100907-0800/org.eclipse.jface.databinding-1.5.0.I20100907-0800.jar" />
    <property name="maven.dependency.p2.eclipse-plugin.com.springsource.javax.xml.stream.jar.path" value="/home/santiago/.m2/repository/p2/osgi/bundle/com.springsource.javax.xml.stream/1.0.1/com.springsource.javax.xml.stream-1.0.1.jar" />
    <property name="maven.dependency.p2.eclipse-plugin.com.springsource.javax.jms.jar.path" value="/home/santiago/.m2/repository/p2/osgi/bundle/com.springsource.javax.jms/1.1.0/com.springsource.javax.jms-1.1.0.jar" />
    <property name="maven.dependency.p2.eclipse-plugin.com.springsource.org.aspectj.weaver.jar.path" value="/home/santiago/.m2/repository/p2/osgi/bundle/com.springsource.org.aspectj.weaver/1.6.5.RELEASE/com.springsource.org.aspectj.weaver-1.6.5.RELEASE.jar" />
    <property name="sun.java.command" value="org.apache.tools.ant.taskdefs.optional.junit.JUnitTestRunner sernet.verinice.rcp.test.PerspectiveSwitcherTest filtertrace=true haltOnError=false haltOnFailure=false formatter=org.apache.tools.ant.taskdefs.optional.junit.SummaryJUnitResultFormatter showoutput=false outputtoformatters=true logfailedtests=true logtestlistenerevents=false formatter=org.apache.tools.ant.taskdefs.optional.junit.XMLJUnitResultFormatter,/home/santiago/Projects/Research/verinice-master/sernet.gs.ui.rcp.main/build/reports/TEST-sernet.verinice.rcp.test.PerspectiveSwitcherTest.xml crashfile=/home/santiago/Projects/Research/verinice-master/sernet.gs.ui.rcp.main/junitvmwatcher4741961582497956457.properties propsfile=/home/santiago/Projects/Research/verinice-master/sernet.gs.ui.rcp.main/junit4923318149778467130.properties" />
    <property name="p2.eclipse-plugin:org.eclipse.core.resources:jar" value="/home/santiago/.m2/repository/p2/osgi/bundle/org.eclipse.core.resources/3.7.101.v20120125-1505/org.eclipse.core.resources-3.7.101.v20120125-1505.jar" />
    <property name="p2.eclipse-plugin:com.springsource.javax.el:jar" value="/home/santiago/.m2/repository/p2/osgi/bundle/com.springsource.javax.el/2.1.0/com.springsource.javax.el-2.1.0.jar" />
    <property name="maven.dependency.p2.eclipse-plugin.org.apache.commons.httpclient.jar.path" value="/home/santiago/.m2/repository/p2/osgi/bundle/org.apache.commons.httpclient/3.1.0.v201012070820/org.apache.commons.httpclient-3.1.0.v201012070820.jar" />
    <property name="ant.file.maven-antrun-" value="/home/santiago/Projects/Research/verinice-master/sernet.gs.ui.rcp.main/target/antrun/build-main.xml" />
    <property name="p2.eclipse-plugin:sernet.gs.service:jar:lib/saxon9/saxon9-xqj.jar" value="/home/santiago/.m2/repository/.cache/tycho/sernet.gs.service-1.12.0-SNAPSHOT.jar/lib/saxon9/saxon9-xqj.jar" />
    <property name="maven.dependency.p2.eclipse-plugin.org.eclipse.equinox.p2.core.jar.path" value="/home/santiago/.m2/repository/p2/osgi/bundle/org.eclipse.equinox.p2.core/2.1.1.v20120113-1346/org.eclipse.equinox.p2.core-2.1.1.v20120113-1346.jar" />
    <property name="p2.eclipse-plugin:com.springsource.org.aspectj.runtime:jar" value="/home/santiago/.m2/repository/p2/osgi/bundle/com.springsource.org.aspectj.runtime/1.6.5.RELEASE/com.springsource.org.aspectj.runtime-1.6.5.RELEASE.jar" />
    <property name="user.country" value="US" />
    <property name="reports" value="/home/santiago/Projects/Research/verinice-master/sernet.gs.ui.rcp.main/build/reports" />
    <property name="p2.eclipse-plugin:org.eclipse.jface:jar" value="/home/santiago/.m2/repository/p2/osgi/bundle/org.eclipse.jface/3.7.0.v20110928-1505/org.eclipse.jface-3.7.0.v20110928-1505.jar" />
    <property name="p2.eclipse-plugin:org.eclipse.equinox.http.jetty:jar" value="/home/santiago/.m2/repository/p2/osgi/bundle/org.eclipse.equinox.http.jetty/2.0.100.v20110502/org.eclipse.equinox.http.jetty-2.0.100.v20110502.jar" />
    <property name="p2.eclipse-plugin:org.springframework.transaction:jar" value="/home/santiago/.m2/repository/p2/osgi/bundle/org.springframework.transaction/2.5.6.SEC01/org.springframework.transaction-2.5.6.SEC01.jar" />
    <property name="p2.eclipse-plugin:com.springsource.org.objectweb.asm:jar" value="/home/santiago/.m2/repository/p2/osgi/bundle/com.springsource.org.objectweb.asm/1.5.3/com.springsource.org.objectweb.asm-1.5.3.jar" />
    <property name="p2.eclipse-plugin:com.springsource.javax.xml.stream:jar" value="/home/santiago/.m2/repository/p2/osgi/bundle/com.springsource.javax.xml.stream/1.0.1/com.springsource.javax.xml.stream-1.0.1.jar" />
    <property name="p2.eclipse-plugin:org.eclipse.equinox.p2.operations:jar" value="/home/santiago/.m2/repository/p2/osgi/bundle/org.eclipse.equinox.p2.operations/2.1.1.R37x_v20111111/org.eclipse.equinox.p2.operations-2.1.1.R37x_v20111111.jar" />
    <property name="maven.dependency.p2.eclipse-plugin.com.springsource.javax.wsdl.jar.path" value="/home/santiago/.m2/repository/p2/osgi/bundle/com.springsource.javax.wsdl/1.6.1/com.springsource.javax.wsdl-1.6.1.jar" />
    <property name="maven.dependency.p2.eclipse-plugin.org.eclipse.help.jar.path" value="/home/santiago/.m2/repository/p2/osgi/bundle/org.eclipse.help/3.5.100.v20110426/org.eclipse.help-3.5.100.v20110426.jar" />
    <property name="p2.eclipse-plugin:sernet.hui.swtclient:jar:lib/swtcalendar.jar" value="/home/santiago/.m2/repository/.cache/tycho/sernet.hui.swtclient-1.1.2-SNAPSHOT.jar/lib/swtcalendar.jar" />
    <property name="project.artifactId" value="sernet.gs.ui.rcp.main" />
    <property name="p2.eclipse-plugin:org.eclipse.core.databinding.property:jar" value="/home/santiago/.m2/repository/p2/osgi/bundle/org.eclipse.core.databinding.property/1.4.0.I20110222-0800/org.eclipse.core.databinding.property-1.4.0.I20110222-0800.jar" />
    <property name="maven.dependency.p2.eclipse-plugin.opencsv-3.3.opencsv-3.3.jar.jar.path" value="/home/santiago/.m2/repository/.cache/tycho/opencsv-3.3-3.3.0.jar/opencsv-3.3.jar" />
    <property name="java.endorsed.dirs" value="/usr/lib/jvm/java-8-openjdk-amd64/jre/lib/endorsed" />
    <property name="p2.eclipse-plugin:sernet.hui.common:jar" value="/home/santiago/.m2/repository/sernet/verinice/sernet.hui.common/1.1.1-SNAPSHOT/sernet.hui.common-1.1.1-SNAPSHOT.jar" />
    <property name="maven.dependency.p2.eclipse-plugin.org.eclipse.equinox.p2.console.jar.path" value="/home/santiago/.m2/repository/p2/osgi/bundle/org.eclipse.equinox.p2.console/1.0.300.v20110815-1419/org.eclipse.equinox.p2.console-1.0.300.v20110815-1419.jar" />
    <property name="tycho.env.osgi.os" value="linux" />
    <property name="p2.eclipse-plugin:jbpm:jar:juel-engine.jar" value="/home/santiago/.m2/repository/.cache/tycho/jbpm-4.4.0.jar/juel-engine.jar" />
    <property name="java.vm.specification.version" value="1.8" />
    <property name="p2.eclipse-plugin:sernet.gs.service:jar:lib/saxon9/saxon9-dom4j.jar" value="/home/santiago/.m2/repository/.cache/tycho/sernet.gs.service-1.12.0-SNAPSHOT.jar/lib/saxon9/saxon9-dom4j.jar" />
    <property name="p2.eclipse-plugin:jgrapht:jar:jgrapht-jdk1.6-0.8.3.jar" value="/home/santiago/.m2/repository/.cache/tycho/jgrapht-0.8.3.jar/jgrapht-jdk1.6-0.8.3.jar" />
    <property name="p2.eclipse-plugin:com.springsource.org.jaxen:jar" value="/home/santiago/.m2/repository/p2/osgi/bundle/com.springsource.org.jaxen/1.1.1/com.springsource.org.jaxen-1.1.1.jar" />
    <property name="p2.eclipse-plugin:org.apache.lucene.memory:jar" value="/home/santiago/.m2/repository/p2/osgi/bundle/org.apache.lucene.memory/2.9.1.v20100421-0704/org.apache.lucene.memory-2.9.1.v20100421-0704.jar" />
    <property name="p2.eclipse-plugin:sernet.gs.service:jar:lib/saxon9/saxon9-xom.jar" value="/home/santiago/.m2/repository/.cache/tycho/sernet.gs.service-1.12.0-SNAPSHOT.jar/lib/saxon9/saxon9-xom.jar" />
    <property name="p2.eclipse-plugin:org.eclipse.help.base:jar" value="/home/santiago/.m2/repository/p2/osgi/bundle/org.eclipse.help.base/3.6.2.v201202080800/org.eclipse.help.base-3.6.2.v201202080800.jar" />
    <property name="testlib" value="/home/santiago/Projects/Research/verinice-master/sernet.gs.ui.rcp.main/testlib" />
    <property name="p2.eclipse-plugin:com.google.gson:jar" value="/home/santiago/.m2/repository/p2/osgi/bundle/com.google.gson/2.6.2/com.google.gson-2.6.2.jar" />
    <property name="java.vendor" value="Oracle Corporation" />
    <property name="maven.dependency.p2.eclipse-plugin.org.eclipse.equinox.p2.operations.jar.path" value="/home/santiago/.m2/repository/p2/osgi/bundle/org.eclipse.equinox.p2.operations/2.1.1.R37x_v20111111/org.eclipse.equinox.p2.operations-2.1.1.R37x_v20111111.jar" />
    <property name="maven.dependency.p2.eclipse-plugin.org.springframework.web.jar.path" value="/home/santiago/.m2/repository/p2/osgi/bundle/org.springframework.web/2.5.6.SEC01/org.springframework.web-2.5.6.SEC01.jar" />
    <property name="file.separator" value="/" />
    <property name="p2.eclipse-plugin:org.eclipse.equinox.p2.metadata:jar" value="/home/santiago/.m2/repository/p2/osgi/bundle/org.eclipse.equinox.p2.metadata/2.1.0.v20110815-1419/org.eclipse.equinox.p2.metadata-2.1.0.v20110815-1419.jar" />
    <property name="maven.dependency.p2.eclipse-plugin.gnumail.gnumail-providers-1.1.2.jar.jar.path" value="/home/santiago/.m2/repository/.cache/tycho/gnumail-1.1.2.jar/gnumail-providers-1.1.2.jar" />
    <property name="p2.eclipse-plugin:org.eclipse.osgi.services:jar" value="/home/santiago/.m2/repository/p2/osgi/bundle/org.eclipse.osgi.services/3.3.0.v20110513/org.eclipse.osgi.services-3.3.0.v20110513.jar" />
    <property name="p2.eclipse-plugin:org.apache.servicemix.bundles.elasticsearch:jar" value="/home/santiago/.m2/repository/p2/osgi/bundle/org.apache.servicemix.bundles.elasticsearch/1.4.1.1/org.apache.servicemix.bundles.elasticsearch-1.4.1.1.jar" />
    <property name="p2.eclipse-plugin:com.springsource.org.objectweb.asm.attrs:jar" value="/home/santiago/.m2/repository/p2/osgi/bundle/com.springsource.org.objectweb.asm.attrs/1.5.3/com.springsource.org.objectweb.asm.attrs-1.5.3.jar" />
    <property name="eclipse.p2.atomic.composite.loading.default" value="true" />
    <property name="sun.java.launcher" value="SUN_STANDARD" />
    <property name="maven.dependency.p2.eclipse-plugin.org.eclipse.core.databinding.jar.path" value="/home/santiago/.m2/repository/p2/osgi/bundle/org.eclipse.core.databinding/1.4.0.I20110111-0800/org.eclipse.core.databinding-1.4.0.I20110111-0800.jar" />
    <property name="maven.dependency.p2.eclipse-plugin.com.springsource.javax.transaction.jar.path" value="/home/santiago/.m2/repository/p2/osgi/bundle/com.springsource.javax.transaction/1.1.0/com.springsource.javax.transaction-1.1.0.jar" />
    <property name="maven.dependency.p2.eclipse-plugin.org.springframework.orm.jar.path" value="/home/santiago/.m2/repository/p2/osgi/bundle/org.springframework.orm/2.5.6.SEC01/org.springframework.orm-2.5.6.SEC01.jar" />
    <property name="ant.java.version" value="1.8" />
    <property name="java.library.path" value="/usr/java/packages/lib/amd64:/usr/lib/x86_64-linux-gnu/jni:/lib/x86_64-linux-gnu:/usr/lib/x86_64-linux-gnu:/usr/lib/jni:/lib:/usr/lib" />
    <property name="maven.dependency.p2.eclipse-plugin.org.eclipse.ui.jar.path" value="/home/santiago/.m2/repository/p2/osgi/bundle/org.eclipse.ui/3.7.0.v20110928-1505/org.eclipse.ui-3.7.0.v20110928-1505.jar" />
    <property name="p2.eclipse-plugin:org.eclipse.osgi:jar" value="/home/santiago/.m2/repository/p2/osgi/bundle/org.eclipse.osgi/3.7.2.v20120110-1415/org.eclipse.osgi-3.7.2.v20120110-1415.jar" />
    <property name="classworlds.conf" value="/usr/share/maven/bin/m2.conf" />
    <property name="project.build.sourceEncoding" value="UTF-8" />
    <property name="sun.arch.data.model" value="64" />
    <property name="basedir" value="/home/santiago/Projects/Research/verinice-master/sernet.gs.ui.rcp.main" />
    <property name="maven.dependency.p2.eclipse-plugin.org.apache.lucene.analysis.jar.path" value="/home/santiago/.m2/repository/p2/osgi/bundle/org.apache.lucene.analysis/2.9.1.v201101211721/org.apache.lucene.analysis-2.9.1.v201101211721.jar" />
    <property name="maven.dependency.p2.eclipse-plugin.org.eclipse.jface.jar.path" value="/home/santiago/.m2/repository/p2/osgi/bundle/org.eclipse.jface/3.7.0.v20110928-1505/org.eclipse.jface-3.7.0.v20110928-1505.jar" />
    <property name="maven.dependency.p2.eclipse-plugin.sernet.springclient.jar.path" value="/home/santiago/.m2/repository/sernet/verinice/sernet.springclient/1.2.2-SNAPSHOT/sernet.springclient-1.2.2-SNAPSHOT.jar" />
    <property name="p2.eclipse-plugin:sernet.gs.service:jar:lib/saxon9/saxon9-xpath.jar" value="/home/santiago/.m2/repository/.cache/tycho/sernet.gs.service-1.12.0-SNAPSHOT.jar/lib/saxon9/saxon9-xpath.jar" />
    <property name="p2.eclipse-plugin:org.eclipse.ui.forms:jar" value="/home/santiago/.m2/repository/p2/osgi/bundle/org.eclipse.ui.forms/3.5.101.v20111011-1919/org.eclipse.ui.forms-3.5.101.v20111011-1919.jar" />
    <property name="path.separator" value=":" />
    <property name="p2.eclipse-plugin:org.eclipse.equinox.preferences:jar" value="/home/santiago/.m2/repository/p2/osgi/bundle/org.eclipse.equinox.preferences/3.4.2.v20120111-2020/org.eclipse.equinox.preferences-3.4.2.v20120111-2020.jar" />
    <property name="sun.io.unicode.encoding" value="UnicodeLittle" />
    <property name="p2.eclipse-plugin:org.springframework.web.servlet:jar" value="/home/santiago/.m2/repository/p2/osgi/bundle/org.springframework.web.servlet/2.5.6.SEC01/org.springframework.web.servlet-2.5.6.SEC01.jar" />
    <property name="p2.eclipse-plugin:org.apache.commons.httpclient:jar" value="/home/santiago/.m2/repository/p2/osgi/bundle/org.apache.commons.httpclient/3.1.0.v201012070820/org.apache.commons.httpclient-3.1.0.v201012070820.jar" />
    <property name="maven.dependency.p2.eclipse-plugin.org.springframework.security.core.jar.path" value="/home/santiago/.m2/repository/p2/osgi/bundle/org.springframework.security.core/2.0.5.RELEASE/org.springframework.security.core-2.0.5.RELEASE.jar" />
    <property name="maven.dependency.p2.eclipse-plugin.org.eclipse.core.databinding.observable.jar.path" value="/home/santiago/.m2/repository/p2/osgi/bundle/org.eclipse.core.databinding.observable/1.4.0.I20110222-0800/org.eclipse.core.databinding.observable-1.4.0.I20110222-0800.jar" />
    <property name="user.language" value="en" />
    <property name="maven.dependency.p2.eclipse-plugin.org.eclipse.ui.forms.jar.path" value="/home/santiago/.m2/repository/p2/osgi/bundle/org.eclipse.ui.forms/3.5.101.v20111011-1919/org.eclipse.ui.forms-3.5.101.v20111011-1919.jar" />
    <property name="p2.eclipse-plugin:sernet.gs.service:jar:lib/tagsoup-1.1.3-ak.jar" value="/home/santiago/.m2/repository/.cache/tycho/sernet.gs.service-1.12.0-SNAPSHOT.jar/lib/tagsoup-1.1.3-ak.jar" />
    <property name="maven.dependency.p2.eclipse-plugin.org.eclipse.equinox.util.jar.path" value="/home/santiago/.m2/repository/p2/osgi/bundle/org.eclipse.equinox.util/1.0.300.v20110502/org.eclipse.equinox.util-1.0.300.v20110502.jar" />
    <property name="ant.project.invoked-targets" value="test" />
    <property name="maven.dependency.p2.eclipse-plugin.org.eclipse.equinox.p2.engine.jar.path" value="/home/santiago/.m2/repository/p2/osgi/bundle/org.eclipse.equinox.p2.engine/2.1.1.R37x_v20111003/org.eclipse.equinox.p2.engine-2.1.1.R37x_v20111003.jar" />
    <property name="p2.eclipse-plugin:org.eclipse.swt.win32.win32.x86_64:jar" value="/home/santiago/.m2/repository/p2/osgi/bundle/org.eclipse.swt.win32.win32.x86_64/3.7.2.v3740f/org.eclipse.swt.win32.win32.x86_64-3.7.2.v3740f.jar" />
    <property name="maven.dependency.p2.eclipse-plugin.sernet.gs.reveng.jar.path" value="/home/santiago/.m2/repository/sernet/verinice/sernet.gs.reveng/1.1.1-SNAPSHOT/sernet.gs.reveng-1.1.1-SNAPSHOT.jar" />
    <property name="project.build.sourceDirectory" value="/home/santiago/Projects/Research/verinice-master/sernet.gs.ui.rcp.main/src/main/java" />
    <property name="p2.eclipse-plugin:com.ibm.icu:jar" value="/home/santiago/.m2/repository/p2/osgi/bundle/com.ibm.icu/4.4.2.v20110823/com.ibm.icu-4.4.2.v20110823.jar" />
    <property name="maven.dependency.p2.eclipse-plugin.org.eclipse.osgi.jar.path" value="/home/santiago/.m2/repository/p2/osgi/bundle/org.eclipse.osgi/3.7.2.v20120110-1415/org.eclipse.osgi-3.7.2.v20120110-1415.jar" />
    <property name="java.class.version" value="52.0" />
    <property name="ant.file.type.maven-antrun-" value="file" />
    <property name="p2.eclipse-plugin:org.springframework.orm:jar" value="/home/santiago/.m2/repository/p2/osgi/bundle/org.springframework.orm/2.5.6.SEC01/org.springframework.orm-2.5.6.SEC01.jar" />
    <property name="maven.dependency.p2.eclipse-plugin.com.springsource.antlr.jar.path" value="/home/santiago/.m2/repository/p2/osgi/bundle/com.springsource.antlr/2.7.6/com.springsource.antlr-2.7.6.jar" />
    <property name="p2.eclipse-plugin:org.eclipse.ui.ide:jar" value="/home/santiago/.m2/repository/p2/osgi/bundle/org.eclipse.ui.ide/3.7.0.v20110928-1505/org.eclipse.ui.ide-3.7.0.v20110928-1505.jar" />
    <property name="project.version" value="1.3.0-SNAPSHOT" />
    <property name="file.encoding.pkg" value="sun.io" />
    <property name="sun.cpu.endian" value="little" />
    <property name="maven.dependency.p2.eclipse-plugin.org.eclipse.equinox.ds.jar.path" value="/home/santiago/.m2/repository/p2/osgi/bundle/org.eclipse.equinox.ds/1.3.1.R37x_v20110701/org.eclipse.equinox.ds-1.3.1.R37x_v20110701.jar" />
    <property name="maven.dependency.sernet.verinice.sernet.gs.ui.rcp.main.lib/xstream/jug.jar.jar.path" value="/home/santiago/Projects/Research/verinice-master/sernet.gs.ui.rcp.main/lib/xstream/jug.jar" />
    <property name="p2.eclipse-plugin:org.eclipse.swt.cocoa.macosx.x86_64:jar" value="/home/santiago/.m2/repository/p2/osgi/bundle/org.eclipse.swt.cocoa.macosx.x86_64/3.7.2.v3740f/org.eclipse.swt.cocoa.macosx.x86_64-3.7.2.v3740f.jar" />
    <property name="maven.dependency.p2.eclipse-plugin.org.eclipse.ui.ide.jar.path" value="/home/santiago/.m2/repository/p2/osgi/bundle/org.eclipse.ui.ide/3.7.0.v20110928-1505/org.eclipse.ui.ide-3.7.0.v20110928-1505.jar" />
    <property name="p2.eclipse-plugin:org.springframework.beans:jar" value="/home/santiago/.m2/repository/p2/osgi/bundle/org.springframework.beans/2.5.6.SEC01/org.springframework.beans-2.5.6.SEC01.jar" />
    <property name="maven.dependency.p2.eclipse-plugin.sernet.gs.service.lib/saxon9/saxon9.jar.jar.path" value="/home/santiago/.m2/repository/.cache/tycho/sernet.gs.service-1.12.0-SNAPSHOT.jar/lib/saxon9/saxon9.jar" />
    <property name="maven.dependency.sernet.verinice.sernet.gs.ui.rcp.main.lib/xstream/xpp3_min-1.1.3.4.O.jar.jar.path" value="/home/santiago/Projects/Research/verinice-master/sernet.gs.ui.rcp.main/lib/xstream/xpp3_min-1.1.3.4.O.jar" />
    <property name="p2.eclipse-plugin:com.springsource.org.apache.log4j:jar" value="/home/santiago/.m2/repository/p2/osgi/bundle/com.springsource.org.apache.log4j/1.2.15/com.springsource.org.apache.log4j-1.2.15.jar" />
    <property name="p2.eclipse-plugin:org.springframework.osgi.io:jar" value="/home/santiago/.m2/repository/p2/osgi/bundle/org.springframework.osgi.io/1.2.0/org.springframework.osgi.io-1.2.0.jar" />
    <property name="maven.dependency.p2.eclipse-plugin.org.springframework.transaction.jar.path" value="/home/santiago/.m2/repository/p2/osgi/bundle/org.springframework.transaction/2.5.6.SEC01/org.springframework.transaction-2.5.6.SEC01.jar" />
    <property name="settings.localRepository" value="/home/santiago/.m2/repository" />
    <property name="p2.eclipse-plugin:org.eclipse.ui.workbench:jar" value="/home/santiago/.m2/repository/p2/osgi/bundle/org.eclipse.ui.workbench/3.7.1.v20120104-1859/org.eclipse.ui.workbench-3.7.1.v20120104-1859.jar" />
    <property name="p2.eclipse-plugin:org.eclipse.ui.views:jar" value="/home/santiago/.m2/repository/p2/osgi/bundle/org.eclipse.ui.views/3.6.0.v20110928-1505/org.eclipse.ui.views-3.6.0.v20110928-1505.jar" />
    <property name="p2.eclipse-plugin:com.springsource.javax.transaction:jar" value="/home/santiago/.m2/repository/p2/osgi/bundle/com.springsource.javax.transaction/1.1.0/com.springsource.javax.transaction-1.1.0.jar" />
    <property name="sernet.verinice:sernet.gs.ui.rcp.main:jar:lib/xstream/jug.jar" value="/home/santiago/Projects/Research/verinice-master/sernet.gs.ui.rcp.main/lib/xstream/jug.jar" />
    <property name="p2.eclipse-plugin:org.apache.lucene.snowball:jar" value="/home/santiago/.m2/repository/p2/osgi/bundle/org.apache.lucene.snowball/2.9.1.v20100421-0704/org.apache.lucene.snowball-2.9.1.v20100421-0704.jar" />
    <property name="java.home" value="/usr/lib/jvm/java-8-openjdk-amd64/jre" />
    <property name="maven.dependency.p2.eclipse-plugin.org.eclipse.ui.intro.jar.path" value="/home/santiago/.m2/repository/p2/osgi/bundle/org.eclipse.ui.intro/3.4.100.v20110425/org.eclipse.ui.intro-3.4.100.v20110425.jar" />
    <property name="maven.dependency.p2.eclipse-plugin.org.eclipse.jface.text.jar.path" value="/home/santiago/.m2/repository/p2/osgi/bundle/org.eclipse.jface.text/3.7.2.v20111213-1208/org.eclipse.jface.text-3.7.2.v20111213-1208.jar" />
    <property name="maven.dependency.p2.eclipse-plugin.com.springsource.org.apache.ws.commons.schema.jar.path" value="/home/santiago/.m2/repository/p2/osgi/bundle/com.springsource.org.apache.ws.commons.schema/1.3.2/com.springsource.org.apache.ws.commons.schema-1.3.2.jar" />
    <property name="maven.dependency.p2.eclipse-plugin.com.springsource.org.dom4j.jar.path" value="/home/santiago/.m2/repository/p2/osgi/bundle/com.springsource.org.dom4j/1.6.1/com.springsource.org.dom4j-1.6.1.jar" />
    <property name="p2.eclipse-plugin:sernet.gs.service:jar:lib/saxon9/saxon9-sql.jar" value="/home/santiago/.m2/repository/.cache/tycho/sernet.gs.service-1.12.0-SNAPSHOT.jar/lib/saxon9/saxon9-sql.jar" />
    <property name="ant.project.default-target" value="coverage" />
    <property name="maven.dependency.p2.eclipse-plugin.org.springframework.web.servlet.jar.path" value="/home/santiago/.m2/repository/p2/osgi/bundle/org.springframework.web.servlet/2.5.6.SEC01/org.springframework.web.servlet-2.5.6.SEC01.jar" />
    <property name="p2.eclipse-plugin:org.eclipse.equinox.util:jar" value="/home/santiago/.m2/repository/p2/osgi/bundle/org.eclipse.equinox.util/1.0.300.v20110502/org.eclipse.equinox.util-1.0.300.v20110502.jar" />
    <property name="p2.eclipse-plugin:org.springframework.ws:jar" value="/home/santiago/.m2/repository/p2/osgi/bundle/org.springframework.ws/1.5.5.A/org.springframework.ws-1.5.5.A.jar" />
    <property name="p2.eclipse-plugin:org.eclipse.equinox.p2.artifact.repository:jar" value="/home/santiago/.m2/repository/p2/osgi/bundle/org.eclipse.equinox.p2.artifact.repository/1.1.101.v20110815-1419/org.eclipse.equinox.p2.artifact.repository-1.1.101.v20110815-1419.jar" />
    <property name="maven.dependency.sernet.verinice.sernet.gs.ui.rcp.main.lib/miglayout/miglayout-3.7.1-swt.jar.jar.path" value="/home/santiago/Projects/Research/verinice-master/sernet.gs.ui.rcp.main/lib/miglayout/miglayout-3.7.1-swt.jar" />
    <property name="buildQualifier" value="201805302005" />
    <property name="maven.home" value="/usr/share/maven" />
    <property name="project.build.testOutputDirectory" value="/home/santiago/Projects/Research/verinice-master/sernet.gs.ui.rcp.main/target/test-classes" />
    <property name="p2.eclipse-plugin:sernet.gs.service:jar:lib/saxon9/saxon9.jar" value="/home/santiago/.m2/repository/.cache/tycho/sernet.gs.service-1.12.0-SNAPSHOT.jar/lib/saxon9/saxon9.jar" />
    <property name="maven.dependency.p2.eclipse-plugin.org.sat4j.pb.jar.path" value="/home/santiago/.m2/repository/p2/osgi/bundle/org.sat4j.pb/2.3.0.v20110329/org.sat4j.pb-2.3.0.v20110329.jar" />
    <property name="maven.dependency.p2.eclipse-plugin.sernet.gs.service.lib/saxon9/saxon9-ant.jar.jar.path" value="/home/santiago/.m2/repository/.cache/tycho/sernet.gs.service-1.12.0-SNAPSHOT.jar/lib/saxon9/saxon9-ant.jar" />
    <property name="maven.dependency.p2.eclipse-plugin.org.eclipse.equinox.common.jar.path" value="/home/santiago/.m2/repository/p2/osgi/bundle/org.eclipse.equinox.common/3.6.0.v20110523/org.eclipse.equinox.common-3.6.0.v20110523.jar" />
    <property name="project.build.directory" value="/home/santiago/Projects/Research/verinice-master/sernet.gs.ui.rcp.main/target" />
    <property name="maven.dependency.p2.eclipse-plugin.com.springsource.org.objectweb.asm.attrs.jar.path" value="/home/santiago/.m2/repository/p2/osgi/bundle/com.springsource.org.objectweb.asm.attrs/1.5.3/com.springsource.org.objectweb.asm.attrs-1.5.3.jar" />
    <property name="p2.eclipse-plugin:org.eclipse.text:jar" value="/home/santiago/.m2/repository/p2/osgi/bundle/org.eclipse.text/3.5.101.v20110928-1504/org.eclipse.text-3.5.101.v20110928-1504.jar" />
    <property name="maven.dependency.p2.eclipse-plugin.sernet.gs.service.lib/saxon9/saxon9-jdom.jar.jar.path" value="/home/santiago/.m2/repository/.cache/tycho/sernet.gs.service-1.12.0-SNAPSHOT.jar/lib/saxon9/saxon9-jdom.jar" />
    <property name="p2.eclipse-plugin:org.eclipse.core.net:jar" value="/home/santiago/.m2/repository/p2/osgi/bundle/org.eclipse.core.net/1.2.100.I20110511-0800/org.eclipse.core.net-1.2.100.I20110511-0800.jar" />
    <property name="p2.eclipse-plugin:com.springsource.org.apache.commons.lang:jar" value="/home/santiago/.m2/repository/p2/osgi/bundle/com.springsource.org.apache.commons.lang/2.4.0/com.springsource.org.apache.commons.lang-2.4.0.jar" />
    <property name="p2.eclipse-plugin:org.eclipse.core.variables:jar" value="/home/santiago/.m2/repository/p2/osgi/bundle/org.eclipse.core.variables/3.2.500.v20110928-1503/org.eclipse.core.variables-3.2.500.v20110928-1503.jar" />
    <property name="maven.dependency.p2.eclipse-plugin.jbpm.juel-engine.jar.jar.path" value="/home/santiago/.m2/repository/.cache/tycho/jbpm-4.4.0.jar/juel-engine.jar" />
    <property name="p2.eclipse-plugin:sernet.gs.service:jar:lib/saxon9/saxon9-ant.jar" value="/home/santiago/.m2/repository/.cache/tycho/sernet.gs.service-1.12.0-SNAPSHOT.jar/lib/saxon9/saxon9-ant.jar" />
    <property name="project.packaging" value="eclipse-plugin" />
    <property name="maven.dependency.p2.eclipse-plugin.org.eclipse.core.expressions.jar.path" value="/home/santiago/.m2/repository/p2/osgi/bundle/org.eclipse.core.expressions/3.4.300.v20110228/org.eclipse.core.expressions-3.4.300.v20110228.jar" />
    <property name="p2.eclipse-plugin:jfreechart:jar" value="/home/santiago/.m2/repository/p2/osgi/bundle/jfreechart/1.0.11/jfreechart-1.0.11.jar" />
    <property name="maven.dependency.p2.eclipse-plugin.org.eclipse.equinox.p2.metadata.repository.jar.path" value="/home/santiago/.m2/repository/p2/osgi/bundle/org.eclipse.equinox.p2.metadata.repository/1.2.0.v20110815-1419/org.eclipse.equinox.p2.metadata.repository-1.2.0.v20110815-1419.jar" />
    <property name="sun.management.compiler" value="HotSpot 64-Bit Tiered Compilers" />
    <property name="maven.dependency.p2.eclipse-plugin.org.eclipse.equinox.registry.jar.path" value="/home/santiago/.m2/repository/p2/osgi/bundle/org.eclipse.equinox.registry/3.5.101.R37x_v20110810-1611/org.eclipse.equinox.registry-3.5.101.R37x_v20110810-1611.jar" />
    <property name="p2.eclipse-plugin:com.springsource.javax.xml.rpc:jar" value="/home/santiago/.m2/repository/p2/osgi/bundle/com.springsource.javax.xml.rpc/1.1.0/com.springsource.javax.xml.rpc-1.1.0.jar" />
    <property name="maven.dependency.p2.eclipse-plugin.org.eclipse.equinox.http.servlet.jar.path" value="/home/santiago/.m2/repository/p2/osgi/bundle/org.eclipse.equinox.http.servlet/1.1.200.v20110502/org.eclipse.equinox.http.servlet-1.1.200.v20110502.jar" />
    <property name="p2.eclipse-plugin:org.eclipse.swt.win32.win32.x86:jar" value="/home/santiago/.m2/repository/p2/osgi/bundle/org.eclipse.swt.win32.win32.x86/3.7.2.v3740f/org.eclipse.swt.win32.win32.x86-3.7.2.v3740f.jar" />
    <property name="p2.eclipse-plugin:org.springframework.oxm:jar" value="/home/santiago/.m2/repository/p2/osgi/bundle/org.springframework.oxm/1.5.5.A/org.springframework.oxm-1.5.5.A.jar" />
    <property name="p2.eclipse-plugin:inetlib:jar:inetlib-1.1.1.jar" value="/home/santiago/.m2/repository/.cache/tycho/inetlib-1.1.1.jar/inetlib-1.1.1.jar" />
    <property name="ant.file" value="/home/santiago/Projects/Research/verinice-master/sernet.gs.ui.rcp.main/build/run-junit.xml" />
    <property name="p2.eclipse-plugin:opencsv-3.3:jar:commons-lang3-3.3.2.jar" value="/home/santiago/.m2/repository/.cache/tycho/opencsv-3.3-3.3.0.jar/commons-lang3-3.3.2.jar" />
    <property name="p2.eclipse-plugin:org.eclipse.ant.core:jar" value="/home/santiago/.m2/repository/p2/osgi/bundle/org.eclipse.ant.core/3.2.302.v20120110-1739/org.eclipse.ant.core-3.2.302.v20120110-1739.jar" />
    <property name="maven.dependency.p2.eclipse-plugin.com.springsource.org.aopalliance.jar.path" value="/home/santiago/.m2/repository/p2/osgi/bundle/com.springsource.org.aopalliance/1.0.0/com.springsource.org.aopalliance-1.0.0.jar" />
    <property name="p2.eclipse-plugin:org.eclipse.equinox.ds:jar" value="/home/santiago/.m2/repository/p2/osgi/bundle/org.eclipse.equinox.ds/1.3.1.R37x_v20110701/org.eclipse.equinox.ds-1.3.1.R37x_v20110701.jar" />
    <property name="p2.eclipse-plugin:org.eclipse.core.expressions:jar" value="/home/santiago/.m2/repository/p2/osgi/bundle/org.eclipse.core.expressions/3.4.300.v20110228/org.eclipse.core.expressions-3.4.300.v20110228.jar" />
    <property name="maven.dependency.p2.eclipse-plugin.org.eclipse.equinox.p2.repository.jar.path" value="/home/santiago/.m2/repository/p2/osgi/bundle/org.eclipse.equinox.p2.repository/2.1.1.v20120113-1346/org.eclipse.equinox.p2.repository-2.1.1.v20120113-1346.jar" />
    <property name="maven.dependency.p2.eclipse-plugin.org.eclipse.jface.databinding.jar.path" value="/home/santiago/.m2/repository/p2/osgi/bundle/org.eclipse.jface.databinding/1.5.0.I20100907-0800/org.eclipse.jface.databinding-1.5.0.I20100907-0800.jar" />
    <property name="p2.eclipse-plugin:sernet.gs.service:jar" value="/home/santiago/.m2/repository/sernet/verinice/sernet.gs.service/1.12.0-SNAPSHOT/sernet.gs.service-1.12.0-SNAPSHOT.jar" />
    <property name="maven.dependency.p2.eclipse-plugin.sernet.gs.service.lib/saxon9/saxon9-s9api.jar.jar.path" value="/home/santiago/.m2/repository/.cache/tycho/sernet.gs.service-1.12.0-SNAPSHOT.jar/lib/saxon9/saxon9-s9api.jar" />
    <property name="maven.dependency.p2.eclipse-plugin.sernet.gs.service.lib/saxon9/saxon9-xpath.jar.jar.path" value="/home/santiago/.m2/repository/.cache/tycho/sernet.gs.service-1.12.0-SNAPSHOT.jar/lib/saxon9/saxon9-xpath.jar" />
    <property name="java.vm.specification.vendor" value="Oracle Corporation" />
    <property name="maven.dependency.p2.eclipse-plugin.com.springsource.com.sun.xml.messaging.saaj.jar.path" value="/home/santiago/.m2/repository/p2/osgi/bundle/com.springsource.com.sun.xml.messaging.saaj/1.3.2/com.springsource.com.sun.xml.messaging.saaj-1.3.2.jar" />
    <property name="p2.eclipse-plugin:org.eclipse.core.contenttype:jar" value="/home/santiago/.m2/repository/p2/osgi/bundle/org.eclipse.core.contenttype/3.4.100.v20110423-0524/org.eclipse.core.contenttype-3.4.100.v20110423-0524.jar" />
    <property name="sernet.verinice:sernet.gs.ui.rcp.main:jar:testlib/jlorem-1.3.jar" value="/home/santiago/Projects/Research/verinice-master/sernet.gs.ui.rcp.main/testlib/jlorem-1.3.jar" />
    <property name="p2.eclipse-plugin:org.eclipse.core.databinding:jar" value="/home/santiago/.m2/repository/p2/osgi/bundle/org.eclipse.core.databinding/1.4.0.I20110111-0800/org.eclipse.core.databinding-1.4.0.I20110111-0800.jar" />
    <property name="p2.eclipse-plugin:com.springsource.org.aspectj.weaver:jar" value="/home/santiago/.m2/repository/p2/osgi/bundle/com.springsource.org.aspectj.weaver/1.6.5.RELEASE/com.springsource.org.aspectj.weaver-1.6.5.RELEASE.jar" />
    <property name="maven.dependency.p2.eclipse-plugin.com.springsource.org.apache.commons.logging.jar.path" value="/home/santiago/.m2/repository/p2/osgi/bundle/com.springsource.org.apache.commons.logging/1.1.1/com.springsource.org.apache.commons.logging-1.1.1.jar" />
    <property name="java.vm.name" value="OpenJDK 64-Bit Server VM" />
    <property name="p2.eclipse-plugin:com.springsource.antlr:jar" value="/home/santiago/.m2/repository/p2/osgi/bundle/com.springsource.antlr/2.7.6/com.springsource.antlr-2.7.6.jar" />
    <property name="p2.eclipse-plugin:org.eclipse.core.runtime.compatibility.auth:jar" value="/home/santiago/.m2/repository/p2/osgi/bundle/org.eclipse.core.runtime.compatibility.auth/3.2.200.v20110110/org.eclipse.core.runtime.compatibility.auth-3.2.200.v20110110.jar" />
    <property name="p2.eclipse-plugin:org.eclipse.jface.text:jar" value="/home/santiago/.m2/repository/p2/osgi/bundle/org.eclipse.jface.text/3.7.2.v20111213-1208/org.eclipse.jface.text-3.7.2.v20111213-1208.jar" />
    <property name="java.io.tmpdir" value="/tmp" />
    <property name="java.vendor.url" value="http://java.oracle.com/" />
    <property name="maven.dependency.p2.eclipse-plugin.org.apache.lucene.queries.jar.path" value="/home/santiago/.m2/repository/p2/osgi/bundle/org.apache.lucene.queries/2.9.1.v20100421-0704/org.apache.lucene.queries-2.9.1.v20100421-0704.jar" />
    <property name="maven.dependency.p2.eclipse-plugin.org.eclipse.core.filesystem.jar.path" value="/home/santiago/.m2/repository/p2/osgi/bundle/org.eclipse.core.filesystem/1.3.100.v20110423-0524/org.eclipse.core.filesystem-1.3.100.v20110423-0524.jar" />
    <property name="maven.dependency.p2.eclipse-plugin.jfreechart-1.0.11-swt.jar.path" value="/home/santiago/.m2/repository/p2/osgi/bundle/jfreechart-1.0.11-swt/1.0.11/jfreechart-1.0.11-swt-1.0.11.jar" />
    <property name="p2.eclipse-plugin:org.springframework.context:jar" value="/home/santiago/.m2/repository/p2/osgi/bundle/org.springframework.context/2.5.6.SEC01/org.springframework.context-2.5.6.SEC01.jar" />
    <property name="maven.dependency.p2.eclipse-plugin.org.eclipse.equinox.preferences.jar.path" value="/home/santiago/.m2/repository/p2/osgi/bundle/org.eclipse.equinox.preferences/3.4.2.v20120111-2020/org.eclipse.equinox.preferences-3.4.2.v20120111-2020.jar" />
    <property name="maven.dependency.p2.eclipse-plugin.com.ibm.icu.jar.path" value="/home/santiago/.m2/repository/p2/osgi/bundle/com.ibm.icu/4.4.2.v20110823/com.ibm.icu-4.4.2.v20110823.jar" />
    <property name="p2.eclipse-plugin:org.eclipse.ui.intro:jar" value="/home/santiago/.m2/repository/p2/osgi/bundle/org.eclipse.ui.intro/3.4.100.v20110425/org.eclipse.ui.intro-3.4.100.v20110425.jar" />
    <property name="sernet.verinice:sernet.gs.ui.rcp.main:jar:lib/xstream/xstream-1.2.1.jar" value="/home/santiago/Projects/Research/verinice-master/sernet.gs.ui.rcp.main/lib/xstream/xstream-1.2.1.jar" />
    <property name="p2.eclipse-plugin:com.springsource.javax.wsdl:jar" value="/home/santiago/.m2/repository/p2/osgi/bundle/com.springsource.javax.wsdl/1.6.1/com.springsource.javax.wsdl-1.6.1.jar" />
    <property name="p2.eclipse-plugin:com.springsource.javax.activation:jar" value="/home/santiago/.m2/repository/p2/osgi/bundle/com.springsource.javax.activation/1.1.1/com.springsource.javax.activation-1.1.1.jar" />
    <property name="p2.eclipse-plugin:com.springsource.org.apache.commons.io:jar" value="/home/santiago/.m2/repository/p2/osgi/bundle/com.springsource.org.apache.commons.io/1.4.0/com.springsource.org.apache.commons.io-1.4.0.jar" />
    <property name="p2.eclipse-plugin:com.springsource.net.sf.ehcache:jar" value="/home/santiago/.m2/repository/p2/osgi/bundle/com.springsource.net.sf.ehcache/1.6.0/com.springsource.net.sf.ehcache-1.6.0.jar" />
    <property name="p2.eclipse-plugin:com.springsource.org.aopalliance:jar" value="/home/santiago/.m2/repository/p2/osgi/bundle/com.springsource.org.aopalliance/1.0.0/com.springsource.org.aopalliance-1.0.0.jar" />
    <property name="sun.boot.library.path" value="/usr/lib/jvm/java-8-openjdk-amd64/jre/lib/amd64" />
    <property name="maven.dependency.p2.eclipse-plugin.org.eclipse.equinox.security.ui.jar.path" value="/home/santiago/.m2/repository/p2/osgi/bundle/org.eclipse.equinox.security.ui/1.1.0.v20101004/org.eclipse.equinox.security.ui-1.1.0.v20101004.jar" />
    <property name="p2.eclipse-plugin:org.eclipse.core.runtime:jar" value="/home/santiago/.m2/repository/p2/osgi/bundle/org.eclipse.core.runtime/3.7.0.v20110110/org.eclipse.core.runtime-3.7.0.v20110110.jar" />
    <property name="p2.eclipse-plugin:org.eclipse.equinox.p2.ui.sdk:jar" value="/home/santiago/.m2/repository/p2/osgi/bundle/org.eclipse.equinox.p2.ui.sdk/1.0.200.v20110815-1419/org.eclipse.equinox.p2.ui.sdk-1.0.200.v20110815-1419.jar" />
    <property name="p2.eclipse-plugin:org.eclipse.equinox.registry:jar" value="/home/santiago/.m2/repository/p2/osgi/bundle/org.eclipse.equinox.registry/3.5.101.R37x_v20110810-1611/org.eclipse.equinox.registry-3.5.101.R37x_v20110810-1611.jar" />
    <property name="ant.file.type.verinice" value="file" />
    <property name="ant.file.verinice" value="/home/santiago/Projects/Research/verinice-master/sernet.gs.ui.rcp.main/build/run-junit.xml" />
    <property name="p2.eclipse-plugin:org.mortbay.jetty.server:jar" value="/home/santiago/.m2/repository/p2/osgi/bundle/org.mortbay.jetty.server/6.1.23.v201012071420/org.mortbay.jetty.server-6.1.23.v201012071420.jar" />
    <property name="p2.eclipse-plugin:org.eclipse.swt.gtk.linux.x86:jar" value="/home/santiago/.m2/repository/p2/osgi/bundle/org.eclipse.swt.gtk.linux.x86/3.7.2.v3740f/org.eclipse.swt.gtk.linux.x86-3.7.2.v3740f.jar" />
    <property name="maven.dependency.p2.eclipse-plugin.jgrapht.jgrapht-jdk1.6-0.8.3.jar.jar.path" value="/home/santiago/.m2/repository/.cache/tycho/jgrapht-0.8.3.jar/jgrapht-jdk1.6-0.8.3.jar" />
    <property name="java.runtime.name" value="OpenJDK Runtime Environment" />
    <property name="maven.dependency.p2.eclipse-plugin.org.eclipse.swt.jar.path" value="/home/santiago/.m2/repository/p2/osgi/bundle/org.eclipse.swt/3.7.2.v3740f/org.eclipse.swt-3.7.2.v3740f.jar" />
    <property name="unqualifiedVersion" value="1.3.0" />
    <property name="ant.project.name" value="verinice" />
    <property name="maven.dependency.p2.eclipse-plugin.org.eclipse.core.databinding.property.jar.path" value="/home/santiago/.m2/repository/p2/osgi/bundle/org.eclipse.core.databinding.property/1.4.0.I20110222-0800/org.eclipse.core.databinding.property-1.4.0.I20110222-0800.jar" />
    <property name="maven.dependency.p2.eclipse-plugin.jbpm.jbpm-4.4-SN.jar.jar.path" value="/home/santiago/.m2/repository/.cache/tycho/jbpm-4.4.0.jar/jbpm-4.4-SN.jar" />
    <property name="maven.dependency.p2.eclipse-plugin.org.eclipse.swt.win32.win32.x86.jar.path" value="/home/santiago/.m2/repository/p2/osgi/bundle/org.eclipse.swt.win32.win32.x86/3.7.2.v3740f/org.eclipse.swt.win32.win32.x86-3.7.2.v3740f.jar" />
    <property name="p2.eclipse-plugin:org.apache.lucene.queries:jar" value="/home/santiago/.m2/repository/p2/osgi/bundle/org.apache.lucene.queries/2.9.1.v20100421-0704/org.apache.lucene.queries-2.9.1.v20100421-0704.jar" />
    <property name="maven.dependency.p2.eclipse-plugin.org.eclipse.ui.net.jar.path" value="/home/santiago/.m2/repository/p2/osgi/bundle/org.eclipse.ui.net/1.2.100.v20111208-1155/org.eclipse.ui.net-1.2.100.v20111208-1155.jar" />
    <property name="sun.cpu.isalist" value="" />
    <property name="maven.dependency.p2.eclipse-plugin.org.springframework.core.jar.path" value="/home/santiago/.m2/repository/p2/osgi/bundle/org.springframework.core/2.5.6.SEC01/org.springframework.core-2.5.6.SEC01.jar" />
    <property name="maven.dependency.p2.eclipse-plugin.org.eclipse.text.jar.path" value="/home/santiago/.m2/repository/p2/osgi/bundle/org.eclipse.text/3.5.101.v20110928-1504/org.eclipse.text-3.5.101.v20110928-1504.jar" />
    <property name="tycho.env.osgi.arch" value="x86_64" />
    <property name="maven.dependency.p2.eclipse-plugin.org.eclipse.equinox.http.jetty.jar.path" value="/home/santiago/.m2/repository/p2/osgi/bundle/org.eclipse.equinox.http.jetty/2.0.100.v20110502/org.eclipse.equinox.http.jetty-2.0.100.v20110502.jar" />
    <property name="p2.eclipse-plugin:org.eclipse.core.jobs:jar" value="/home/santiago/.m2/repository/p2/osgi/bundle/org.eclipse.core.jobs/3.5.101.v20120113-1953/org.eclipse.core.jobs-3.5.101.v20120113-1953.jar" />
    <property name="maven.multiModuleProjectDirectory" value="/home/santiago/Projects/Research/verinice-master/sernet.verinice.releng.parent" />
    <property name="maven.dependency.p2.eclipse-plugin.org.springframework.oxm.jar.path" value="/home/santiago/.m2/repository/p2/osgi/bundle/org.springframework.oxm/1.5.5.A/org.springframework.oxm-1.5.5.A.jar" />
    <property name="maven.dependency.p2.eclipse-plugin.sernet.gs.service.lib/saxon9/saxon9-dom4j.jar.jar.path" value="/home/santiago/.m2/repository/.cache/tycho/sernet.gs.service-1.12.0-SNAPSHOT.jar/lib/saxon9/saxon9-dom4j.jar" />
    <property name="user.home" value="/home/santiago" />
    <property name="maven.dependency.p2.eclipse-plugin.com.springsource.org.jaxen.jar.path" value="/home/santiago/.m2/repository/p2/osgi/bundle/com.springsource.org.jaxen/1.1.1/com.springsource.org.jaxen-1.1.1.jar" />
    <property name="p2.eclipse-plugin:org.springframework.web:jar" value="/home/santiago/.m2/repository/p2/osgi/bundle/org.springframework.web/2.5.6.SEC01/org.springframework.web-2.5.6.SEC01.jar" />
    <property name="p2.eclipse-plugin:org.eclipse.equinox.common:jar" value="/home/santiago/.m2/repository/p2/osgi/bundle/org.eclipse.equinox.common/3.6.0.v20110523/org.eclipse.equinox.common-3.6.0.v20110523.jar" />
    <property name="maven.dependency.p2.eclipse-plugin.com.springsource.javax.xml.rpc.jar.path" value="/home/santiago/.m2/repository/p2/osgi/bundle/com.springsource.javax.xml.rpc/1.1.0/com.springsource.javax.xml.rpc-1.1.0.jar" />
    <property name="maven.dependency.p2.eclipse-plugin.org.springframework.aop.jar.path" value="/home/santiago/.m2/repository/p2/osgi/bundle/org.springframework.aop/2.5.6.SEC01/org.springframework.aop-2.5.6.SEC01.jar" />
    <property name="maven.dependency.p2.eclipse-plugin.org.mortbay.jetty.server.jar.path" value="/home/santiago/.m2/repository/p2/osgi/bundle/org.mortbay.jetty.server/6.1.23.v201012071420/org.mortbay.jetty.server-6.1.23.v201012071420.jar" />
    <property name="guice.disable.misplaced.annotation.check" value="true" />
    <property name="java.specification.name" value="Java Platform API Specification" />
    <property name="maven.dependency.p2.eclipse-plugin.sernet.hui.swtclient.jar.path" value="/home/santiago/.m2/repository/sernet/verinice/sernet.hui.swtclient/1.1.2-SNAPSHOT/sernet.hui.swtclient-1.1.2-SNAPSHOT.jar" />
    <property name="maven.dependency.p2.eclipse-plugin.sernet.gs.service.lib/saxon9/saxon9-dom.jar.jar.path" value="/home/santiago/.m2/repository/.cache/tycho/sernet.gs.service-1.12.0-SNAPSHOT.jar/lib/saxon9/saxon9-dom.jar" />
    <property name="java.specification.vendor" value="Oracle Corporation" />
    <property name="java.version" value="1.8.0_171" />
    <property name="p2.eclipse-plugin:org.mortbay.jetty.util:jar" value="/home/santiago/.m2/repository/p2/osgi/bundle/org.mortbay.jetty.util/6.1.23.v201012071420/org.mortbay.jetty.util-6.1.23.v201012071420.jar" />
    <property name="p2.eclipse-plugin:org.springframework.osgi.core:jar" value="/home/santiago/.m2/repository/p2/osgi/bundle/org.springframework.osgi.core/1.2.0/org.springframework.osgi.core-1.2.0.jar" />
    <property name="src.tests" value="/home/santiago/Projects/Research/verinice-master/sernet.gs.ui.rcp.main/testSrc" />
    <property name="maven.dependency.p2.eclipse-plugin.org.eclipse.core.net.jar.path" value="/home/santiago/.m2/repository/p2/osgi/bundle/org.eclipse.core.net/1.2.100.I20110511-0800/org.eclipse.core.net-1.2.100.I20110511-0800.jar" />
    <property name="p2.eclipse-plugin:javax.xml.soap:jar" value="/home/santiago/.m2/repository/p2/osgi/bundle/javax.xml.soap/1.3.0.v201105210645/javax.xml.soap-1.3.0.v201105210645.jar" />
    <property name="p2.eclipse-plugin:com.springsource.com.sun.xml.messaging.saaj:jar" value="/home/santiago/.m2/repository/p2/osgi/bundle/com.springsource.com.sun.xml.messaging.saaj/1.3.2/com.springsource.com.sun.xml.messaging.saaj-1.3.2.jar" />
    <property name="maven.dependency.p2.eclipse-plugin.org.apache.servicemix.bundles.commons-beanutils.jar.path" value="/home/santiago/.m2/repository/p2/osgi/bundle/org.apache.servicemix.bundles.commons-beanutils/1.8.3.2/org.apache.servicemix.bundles.commons-beanutils-1.8.3.2.jar" />
    <property name="p2.eclipse-plugin:org.eclipse.equinox.p2.engine:jar" value="/home/santiago/.m2/repository/p2/osgi/bundle/org.eclipse.equinox.p2.engine/2.1.1.R37x_v20111003/org.eclipse.equinox.p2.engine-2.1.1.R37x_v20111003.jar" />
    <property name="project.build.outputDirectory" value="/home/santiago/Projects/Research/verinice-master/sernet.gs.ui.rcp.main/target/classes" />
    <property name="maven.dependency.p2.eclipse-plugin.org.eclipse.swt.gtk.linux.x86.jar.path" value="/home/santiago/.m2/repository/p2/osgi/bundle/org.eclipse.swt.gtk.linux.x86/3.7.2.v3740f/org.eclipse.swt.gtk.linux.x86-3.7.2.v3740f.jar" />
    <property name="maven.dependency.p2.eclipse-plugin.org.apache.lucene.core.jar.path" value="/home/santiago/.m2/repository/p2/osgi/bundle/org.apache.lucene.core/2.9.1.v201101211721/org.apache.lucene.core-2.9.1.v201101211721.jar" />
    <property name="maven.dependency.p2.eclipse-plugin.org.eclipse.equinox.p2.metadata.jar.path" value="/home/santiago/.m2/repository/p2/osgi/bundle/org.eclipse.equinox.p2.metadata/2.1.0.v20110815-1419/org.eclipse.equinox.p2.metadata-2.1.0.v20110815-1419.jar" />
    <property name="p2.eclipse-plugin:com.springsource.javassist:jar" value="/home/santiago/.m2/repository/p2/osgi/bundle/com.springsource.javassist/3.3.0.ga/com.springsource.javassist-3.3.0.ga.jar" />
    <property name="p2.eclipse-plugin:org.springframework.xml:jar" value="/home/santiago/.m2/repository/p2/osgi/bundle/org.springframework.xml/1.5.5.A/org.springframework.xml-1.5.5.A.jar" />
    <property name="p2.eclipse-plugin:com.springsource.org.apache.commons.discovery:jar" value="/home/santiago/.m2/repository/p2/osgi/bundle/com.springsource.org.apache.commons.discovery/0.4.0/com.springsource.org.apache.commons.discovery-0.4.0.jar" />
    <property name="maven.dependency.p2.eclipse-plugin.jfreechart-1.0.11-experimental.jar.path" value="/home/santiago/.m2/repository/p2/osgi/bundle/jfreechart-1.0.11-experimental/1.0.11/jfreechart-1.0.11-experimental-1.0.11.jar" />
    <property name="maven.dependency.p2.eclipse-plugin.org.springframework.osgi.io.jar.path" value="/home/santiago/.m2/repository/p2/osgi/bundle/org.springframework.osgi.io/1.2.0/org.springframework.osgi.io-1.2.0.jar" />
    <property name="p2.eclipse-plugin:jcommon-1.0.14:jar" value="/home/santiago/.m2/repository/p2/osgi/bundle/jcommon-1.0.14/1.0.14/jcommon-1.0.14-1.0.14.jar" />
    <property name="p2.eclipse-plugin:com.springsource.javax.mail:jar" value="/home/santiago/.m2/repository/p2/osgi/bundle/com.springsource.javax.mail/1.4.1/com.springsource.javax.mail-1.4.1.jar" />
    <property name="maven.dependency.p2.eclipse-plugin.com.springsource.javax.activation.jar.path" value="/home/santiago/.m2/repository/p2/osgi/bundle/com.springsource.javax.activation/1.1.1/com.springsource.javax.activation-1.1.1.jar" />
    <property name="maven.dependency.p2.eclipse-plugin.com.springsource.org.apache.axis.jar.path" value="/home/santiago/.m2/repository/p2/osgi/bundle/com.springsource.org.apache.axis/1.4.0/com.springsource.org.apache.axis-1.4.0.jar" />
    <property name="p2.eclipse-plugin:org.eclipse.swt.gtk.linux.x86_64:jar" value="/home/santiago/.m2/repository/p2/osgi/bundle/org.eclipse.swt.gtk.linux.x86_64/3.7.2.v3740f/org.eclipse.swt.gtk.linux.x86_64-3.7.2.v3740f.jar" />
    <property name="p2.eclipse-plugin:org.eclipse.help:jar" value="/home/santiago/.m2/repository/p2/osgi/bundle/org.eclipse.help/3.5.100.v20110426/org.eclipse.help-3.5.100.v20110426.jar" />
    <property name="maven.dependency.p2.eclipse-plugin.javax.xml.soap.jar.path" value="/home/santiago/.m2/repository/p2/osgi/bundle/javax.xml.soap/1.3.0.v201105210645/javax.xml.soap-1.3.0.v201105210645.jar" />
    <property name="p2.eclipse-plugin:javax.servlet:jar" value="/home/santiago/.m2/repository/p2/osgi/bundle/javax.servlet/2.5.0.v201103041518/javax.servlet-2.5.0.v201103041518.jar" />
    <property name="line.separator" value="&#xa;" />
    <property name="java.specification.version" value="1.8" />
    <property name="java.vm.info" value="mixed mode" />
    <property name="localRepository" value="      id: local&#xa;      url: file:///home/santiago/.m2/repository/&#xa;   layout: default&#xa;snapshots: [enabled =&gt; true, update =&gt; always]&#xa; releases: [enabled =&gt; true, update =&gt; always]&#xa;" />
    <property name="p2.eclipse-plugin:org.eclipse.equinox.app:jar" value="/home/santiago/.m2/repository/p2/osgi/bundle/org.eclipse.equinox.app/1.3.100.v20110321/org.eclipse.equinox.app-1.3.100.v20110321.jar" />
    <property name="p2.eclipse-plugin:jfreechart-1.0.11-swt:jar" value="/home/santiago/.m2/repository/p2/osgi/bundle/jfreechart-1.0.11-swt/1.0.11/jfreechart-1.0.11-swt-1.0.11.jar" />
    <property name="p2.eclipse-plugin:com.springsource.org.dom4j:jar" value="/home/santiago/.m2/repository/p2/osgi/bundle/com.springsource.org.dom4j/1.6.1/com.springsource.org.dom4j-1.6.1.jar" />
    <property name="p2.eclipse-plugin:gnumail:jar:gnumail-1.1.2.jar" value="/home/santiago/.m2/repository/.cache/tycho/gnumail-1.1.2.jar/gnumail-1.1.2.jar" />
    <property name="maven.dependency.p2.eclipse-plugin.org.apache.commons.codec.jar.path" value="/home/santiago/.m2/repository/p2/osgi/bundle/org.apache.commons.codec/1.3.0.v201101211617/org.apache.commons.codec-1.3.0.v201101211617.jar" />
    <property name="p2.eclipse-plugin:org.springframework.aop:jar" value="/home/santiago/.m2/repository/p2/osgi/bundle/org.springframework.aop/2.5.6.SEC01/org.springframework.aop-2.5.6.SEC01.jar" />
    <property name="maven.dependency.p2.eclipse-plugin.com.springsource.javax.el.jar.path" value="/home/santiago/.m2/repository/p2/osgi/bundle/com.springsource.javax.el/2.1.0/com.springsource.javax.el-2.1.0.jar" />
    <property name="sun.boot.class.path" value="/usr/lib/jvm/java-8-openjdk-amd64/jre/lib/resources.jar:/usr/lib/jvm/java-8-openjdk-amd64/jre/lib/rt.jar:/usr/lib/jvm/java-8-openjdk-amd64/jre/lib/sunrsasign.jar:/usr/lib/jvm/java-8-openjdk-amd64/jre/lib/jsse.jar:/usr/lib/jvm/java-8-openjdk-amd64/jre/lib/jce.jar:/usr/lib/jvm/java-8-openjdk-amd64/jre/lib/charsets.jar:/usr/lib/jvm/java-8-openjdk-amd64/jre/lib/jfr.jar:/usr/lib/jvm/java-8-openjdk-amd64/jre/classes" />
    <property name="maven.dependency.p2.eclipse-plugin.inetlib.inetlib-1.1.1.jar.jar.path" value="/home/santiago/.m2/repository/.cache/tycho/inetlib-1.1.1.jar/inetlib-1.1.1.jar" />
    <property name="maven.dependency.p2.eclipse-plugin.sernet.hui.common.jar.path" value="/home/santiago/.m2/repository/sernet/verinice/sernet.hui.common/1.1.1-SNAPSHOT/sernet.hui.common-1.1.1-SNAPSHOT.jar" />
    <property name="maven.dependency.p2.eclipse-plugin.threeten.backport.threetenbp-1.3.3.jar.jar.path" value="/home/santiago/.m2/repository/.cache/tycho/threeten.backport-1.3.3.jar/threetenbp-1.3.3.jar" />
    <property name="maven.dependency.p2.eclipse-plugin.org.apache.lucene.highlighter.jar.path" value="/home/santiago/.m2/repository/p2/osgi/bundle/org.apache.lucene.highlighter/2.9.1.v20100421-0704/org.apache.lucene.highlighter-2.9.1.v20100421-0704.jar" />
    <property name="maven.dependency.p2.eclipse-plugin.sernet.gs.service.lib/saxon9/saxon9-sql.jar.jar.path" value="/home/santiago/.m2/repository/.cache/tycho/sernet.gs.service-1.12.0-SNAPSHOT.jar/lib/saxon9/saxon9-sql.jar" />
    <property name="maven.dependency.p2.eclipse-plugin.com.springsource.net.sf.ehcache.jar.path" value="/home/santiago/.m2/repository/p2/osgi/bundle/com.springsource.net.sf.ehcache/1.6.0/com.springsource.net.sf.ehcache-1.6.0.jar" />
    <property name="maven.dependency.p2.eclipse-plugin.org.eclipse.equinox.p2.director.jar.path" value="/home/santiago/.m2/repository/p2/osgi/bundle/org.eclipse.equinox.p2.director/2.1.1.v20111126-0211/org.eclipse.equinox.p2.director-2.1.1.v20111126-0211.jar" />
    <property name="p2.eclipse-plugin:org.eclipse.core.databinding.observable:jar" value="/home/santiago/.m2/repository/p2/osgi/bundle/org.eclipse.core.databinding.observable/1.4.0.I20110222-0800/org.eclipse.core.databinding.observable-1.4.0.I20110222-0800.jar" />
    <property name="p2.eclipse-plugin:sernet.gs.reveng:jar" value="/home/santiago/.m2/repository/sernet/verinice/sernet.gs.reveng/1.1.1-SNAPSHOT/sernet.gs.reveng-1.1.1-SNAPSHOT.jar" />
    <property name="maven.project.dependencies.versions" value="1.46.0:1.46.0:1.1.2:1.1.2:1.1.0:1.4.1:2.5.0.v201103041518:2.6.2:2.7.6:1.3.2:1.1.1:1.3.0.v201105210645:1.6.1:1.1.0:1.0.1:1.6.0:1.4.0:0.4.0:3.1.0.v201012070820:1.1.1:1.4.1:1.2.15:1.3.2:1.6.5.RELEASE:1.6.1:3.2.6.ga:3.3.0.ga:2.1.3:3.2.0.v201005080500:1.5.3:1.5.3:1.1.1:1.1.0:6.1.23.v201012071420:1.6.2:1.1.1:3.7.2.v20120110-1415:4.4.0:4.4.0:4.4.0:1.1.0:2.5.6.SEC01:2.5.6.SEC01:2.5.6.SEC01:2.1.0:2.5.6.SEC01:1.0.14:1.0.11:1.0.11:1.0.11:1.3.0.v201101211617:2.9.1.v201101211721:2.9.1.v201101211721:2.9.1.v201101211721:2.9.1.v20100421-0704:2.9.1.v20100421-0704:2.9.1.v20100421-0704:2.9.1.v20100421-0704:2.9.1.v20100421-0704:2.9.1.v20100421-0704:1.8.3.2:1.4.1.1:3.2.302.v20120110-1739:3.2.500.v20110928-1503:3.7.0.v20110110:3.6.0.I20110111-0800:3.6.0.v20110523:3.4.100.v20110423-0524:3.4.2.v20120111-2020:3.5.101.R37x_v20110810-1611:1.4.0.I20110111-0800:1.4.0.I20110222-0800:1.4.0.I20110222-0800:4.4.2.v20110823:3.4.300.v20110228:1.3.100.v20110423-0524:3.5.101.v20120113-1953:1.2.100.I20110511-0800:1.1.1.R37x_v20110822-1018:3.7.101.v20120125-1505:3.2.200.v20110110:1.3.100.v20110321:3.3.0.v20110513:1.3.1.R37x_v20110701:1.0.300.v20110502:2.0.100.v20110502:1.1.200.v20110502:6.1.23.v201012071420:1.1.101.v20110815-1419:2.1.0.v20110815-1419:2.1.1.v20120113-1346:1.0.200.v20110815-1438:2.1.1.v20120113-1346:1.0.300.v20110815-1419:2.1.1.v20111126-0211:2.1.1.R37x_v20111003:2.3.0.v20110329:2.3.0.v20110329:1.0.200.v20110815-1438:1.2.0.v20110815-1419:2.1.1.R37x_v20111111:2.1.1.v20120113-1346:3.7.0.v20110928-1505:1.1.0.v20101004:1.0.200.v20110815-1419:3.5.100.v20110426:3.6.2.v201202080800:3.5.101.r37_20110819:3.5.101.v20111011-1919:3.7.0.v20110928-1505:3.7.2.v3740f:1.5.0.I20100907-0800:3.7.2.v20111213-1208:3.5.101.v20110928-1504:3.7.1.v20120104-1859:3.4.100.v20110425:3.7.0.v20110928-1505:3.6.0.v20110928-1505:3.4.100.v20110425:1.2.100.v20111208-1155:2.5.6.SEC01:2.5.6.SEC01:2.5.6.SEC01:1.2.0:1.0.0:1.2.0:1.5.5.A:1.5.5.A:2.0.5.RELEASE:2.5.6.SEC01:2.5.6.SEC01:1.5.5.A:1.1.1.201805301950:4.4.0:1.4.0:1.12.0.201805301950:1.12.0.201805301950:1.12.0.201805301950:1.12.0.201805301950:1.12.0.201805301950:1.12.0.201805301950:1.12.0.201805301950:1.12.0.201805301950:1.12.0.201805301950:1.12.0.201805301950:1.12.0.201805301950:1.12.0.201805301950:1.1.1.201805301950:3.3.0:3.3.0:0.8.3:2.4.0:1.3.3:1.3.0.qualifier:1.3.0.qualifier:1.3.0.qualifier:1.3.0.qualifier:1.3.0.qualifier:1.1.2.201805301950:1.1.2.201805301950:1.2.2.201805301950:1.6.5.RELEASE:3.7.2.v3740f:3.7.2.v3740f:3.7.2.v3740f:3.7.2.v3740f:3.7.2.v3740f:" />
    <property name="maven.dependency.p2.eclipse-plugin.org.eclipse.equinox.p2.ui.sdk.jar.path" value="/home/santiago/.m2/repository/p2/osgi/bundle/org.eclipse.equinox.p2.ui.sdk/1.0.200.v20110815-1419/org.eclipse.equinox.p2.ui.sdk-1.0.200.v20110815-1419.jar" />
    <property name="maven.dependency.p2.eclipse-plugin.org.eclipse.core.variables.jar.path" value="/home/santiago/.m2/repository/p2/osgi/bundle/org.eclipse.core.variables/3.2.500.v20110928-1503/org.eclipse.core.variables-3.2.500.v20110928-1503.jar" />
    <property name="maven.dependency.p2.eclipse-plugin.org.apache.lucene.snowball.jar.path" value="/home/santiago/.m2/repository/p2/osgi/bundle/org.apache.lucene.snowball/2.9.1.v20100421-0704/org.apache.lucene.snowball-2.9.1.v20100421-0704.jar" />
    <property name="p2.eclipse-plugin:org.eclipse.ui.net:jar" value="/home/santiago/.m2/repository/p2/osgi/bundle/org.eclipse.ui.net/1.2.100.v20111208-1155/org.eclipse.ui.net-1.2.100.v20111208-1155.jar" />
    <property name="maven.dependency.p2.eclipse-plugin.org.eclipse.core.contenttype.jar.path" value="/home/santiago/.m2/repository/p2/osgi/bundle/org.eclipse.core.contenttype/3.4.100.v20110423-0524/org.eclipse.core.contenttype-3.4.100.v20110423-0524.jar" />
    <property name="p2.eclipse-plugin:org.apache.lucene.misc:jar" value="/home/santiago/.m2/repository/p2/osgi/bundle/org.apache.lucene.misc/2.9.1.v20100421-0704/org.apache.lucene.misc-2.9.1.v20100421-0704.jar" />
    <property name="p2.eclipse-plugin:org.sat4j.pb:jar" value="/home/santiago/.m2/repository/p2/osgi/bundle/org.sat4j.pb/2.3.0.v20110329/org.sat4j.pb-2.3.0.v20110329.jar" />
    <property name="p2.eclipse-plugin:sernet.gs.service:jar:lib/saxon9/saxon9-s9api.jar" value="/home/santiago/.m2/repository/.cache/tycho/sernet.gs.service-1.12.0-SNAPSHOT.jar/lib/saxon9/saxon9-s9api.jar" />
    <property name="maven.dependency.p2.eclipse-plugin.org.eclipse.equinox.p2.artifact.repository.jar.path" value="/home/santiago/.m2/repository/p2/osgi/bundle/org.eclipse.equinox.p2.artifact.repository/1.1.101.v20110815-1419/org.eclipse.equinox.p2.artifact.repository-1.1.101.v20110815-1419.jar" />
    <property name="maven.dependency.p2.eclipse-plugin.bouncycastle.bcmail-jdk16-146.jar.jar.path" value="/home/santiago/.m2/repository/.cache/tycho/bouncycastle-1.46.0.jar/bcmail-jdk16-146.jar" />
    <property name="securerandom.source" value="file:/dev/./urandom" />
    <property name="coverage-reports" value="/home/santiago/Projects/Research/verinice-master/sernet.gs.ui.rcp.main/build/coverage-reports" />
    <property name="sernet.verinice:sernet.gs.ui.rcp.main:jar:lib/miglayout/miglayout-3.7.1-swt.jar" value="/home/santiago/Projects/Research/verinice-master/sernet.gs.ui.rcp.main/lib/miglayout/miglayout-3.7.1-swt.jar" />
    <property name="java.awt.printerjob" value="sun.print.PSPrinterJob" />
    <property name="p2.eclipse-plugin:threeten.backport:jar:threetenbp-1.3.3.jar" value="/home/santiago/.m2/repository/.cache/tycho/threeten.backport-1.3.3.jar/threetenbp-1.3.3.jar" />
    <property name="p2.eclipse-plugin:org.springframework.core:jar" value="/home/santiago/.m2/repository/p2/osgi/bundle/org.springframework.core/2.5.6.SEC01/org.springframework.core-2.5.6.SEC01.jar" />
    <property name="sun.jnu.encoding" value="UTF-8" />
    <property name="maven.dependency.p2.eclipse-plugin.com.springsource.net.sf.cglib.jar.path" value="/home/santiago/.m2/repository/p2/osgi/bundle/com.springsource.net.sf.cglib/2.1.3/com.springsource.net.sf.cglib-2.1.3.jar" />
    <property name="p2.eclipse-plugin:org.eclipse.equinox.p2.console:jar" value="/home/santiago/.m2/repository/p2/osgi/bundle/org.eclipse.equinox.p2.console/1.0.300.v20110815-1419/org.eclipse.equinox.p2.console-1.0.300.v20110815-1419.jar" />
    <property name="p2.eclipse-plugin:bouncycastle:jar:bcmail-jdk16-146.jar" value="/home/santiago/.m2/repository/.cache/tycho/bouncycastle-1.46.0.jar/bcmail-jdk16-146.jar" />
    <property name="java.runtime.version" value="1.8.0_171-8u171-b11-0ubuntu0.16.04.1-b11" />
    <property name="p2.eclipse-plugin:org.eclipse.equinox.p2.jarprocessor:jar" value="/home/santiago/.m2/repository/p2/osgi/bundle/org.eclipse.equinox.p2.jarprocessor/1.0.200.v20110815-1438/org.eclipse.equinox.p2.jarprocessor-1.0.200.v20110815-1438.jar" />
    <property name="maven.dependency.sernet.verinice.sernet.gs.ui.rcp.main.lib/xstream/xstream-1.2.1.jar.jar.path" value="/home/santiago/Projects/Research/verinice-master/sernet.gs.ui.rcp.main/lib/xstream/xstream-1.2.1.jar" />
    <property name="user.timezone" value="" />
    <property name="p2.eclipse-plugin:org.apache.commons.collections:jar" value="/home/santiago/.m2/repository/p2/osgi/bundle/org.apache.commons.collections/3.2.0.v201005080500/org.apache.commons.collections-3.2.0.v201005080500.jar" />
    <property name="p2.eclipse-plugin:org.eclipse.ui.cheatsheets:jar" value="/home/santiago/.m2/repository/p2/osgi/bundle/org.eclipse.ui.cheatsheets/3.4.100.v20110425/org.eclipse.ui.cheatsheets-3.4.100.v20110425.jar" />
    <property name="maven.dependency.p2.eclipse-plugin.org.apache.lucene.memory.jar.path" value="/home/santiago/.m2/repository/p2/osgi/bundle/org.apache.lucene.memory/2.9.1.v20100421-0704/org.apache.lucene.memory-2.9.1.v20100421-0704.jar" />
    <property name="p2.eclipse-plugin:org.apache.lucene:jar" value="/home/santiago/.m2/repository/p2/osgi/bundle/org.apache.lucene/2.9.1.v201101211721/org.apache.lucene-2.9.1.v201101211721.jar" />
    <property name="maven.dependency.p2.eclipse-plugin.jbpm.juel-impl.jar.jar.path" value="/home/santiago/.m2/repository/.cache/tycho/jbpm-4.4.0.jar/juel-impl.jar" />
    <property name="maven.dependency.p2.eclipse-plugin.org.eclipse.ant.core.jar.path" value="/home/santiago/.m2/repository/p2/osgi/bundle/org.eclipse.ant.core/3.2.302.v20120110-1739/org.eclipse.ant.core-3.2.302.v20120110-1739.jar" />
    <property name="p2.eclipse-plugin:org.eclipse.equinox.security.ui:jar" value="/home/santiago/.m2/repository/p2/osgi/bundle/org.eclipse.equinox.security.ui/1.1.0.v20101004/org.eclipse.equinox.security.ui-1.1.0.v20101004.jar" />
    <property name="p2.eclipse-plugin:sernet.springclient:jar" value="/home/santiago/.m2/repository/sernet/verinice/sernet.springclient/1.2.2-SNAPSHOT/sernet.springclient-1.2.2-SNAPSHOT.jar" />
    <property name="maven.dependency.p2.eclipse-plugin.bouncycastle.bcprov-jdk16-146.jar.jar.path" value="/home/santiago/.m2/repository/.cache/tycho/bouncycastle-1.46.0.jar/bcprov-jdk16-146.jar" />
    <property name="p2.eclipse-plugin:com.springsource.javax.jms:jar" value="/home/santiago/.m2/repository/p2/osgi/bundle/com.springsource.javax.jms/1.1.0/com.springsource.javax.jms-1.1.0.jar" />
    <property name="maven.dependency.p2.eclipse-plugin.org.eclipse.core.resources.jar.path" value="/home/santiago/.m2/repository/p2/osgi/bundle/org.eclipse.core.resources/3.7.101.v20120125-1505/org.eclipse.core.resources-3.7.101.v20120125-1505.jar" />
    <property name="p2.eclipse-plugin:com.springsource.org.jdom:jar" value="/home/santiago/.m2/repository/p2/osgi/bundle/com.springsource.org.jdom/1.1.0/com.springsource.org.jdom-1.1.0.jar" />
    <property name="maven.dependency.p2.eclipse-plugin.com.springsource.org.junit.jar.path" value="/home/santiago/.m2/repository/p2/osgi/bundle/com.springsource.org.junit/4.4.0/com.springsource.org.junit-4.4.0.jar" />
    <property name="java.ext.dirs" value="/usr/lib/jvm/java-8-openjdk-amd64/jre/lib/ext:/usr/java/packages/lib/ext" />
    <property name="maven.dependency.p2.eclipse-plugin.org.springframework.beans.jar.path" value="/home/santiago/.m2/repository/p2/osgi/bundle/org.springframework.beans/2.5.6.SEC01/org.springframework.beans-2.5.6.SEC01.jar" />
    <property name="maven.dependency.p2.eclipse-plugin.org.eclipse.ui.workbench.jar.path" value="/home/santiago/.m2/repository/p2/osgi/bundle/org.eclipse.ui.workbench/3.7.1.v20120104-1859/org.eclipse.ui.workbench-3.7.1.v20120104-1859.jar" />
    <property name="p2.eclipse-plugin:org.apache.lucene.spellchecker:jar" value="/home/santiago/.m2/repository/p2/osgi/bundle/org.apache.lucene.spellchecker/2.9.1.v20100421-0704/org.apache.lucene.spellchecker-2.9.1.v20100421-0704.jar" />
    <property name="p2.eclipse-plugin:com.springsource.org.apache.commons.net:jar" value="/home/santiago/.m2/repository/p2/osgi/bundle/com.springsource.org.apache.commons.net/1.4.1/com.springsource.org.apache.commons.net-1.4.1.jar" />
    <property name="osgi.framework.useSystemProperties" value="false" />
    <property name="maven.dependency.p2.eclipse-plugin.org.eclipse.equinox.app.jar.path" value="/home/santiago/.m2/repository/p2/osgi/bundle/org.eclipse.equinox.app/1.3.100.v20110321/org.eclipse.equinox.app-1.3.100.v20110321.jar" />
    <property name="qualifiedVersion" value="1.3.0.201805302005" />
    <property name="java.class.path" value="/home/santiago/Projects/Research/verinice-master/sernet.gs.ui.rcp.main/testlib/com.springsource.org.apache.commons.io-1.4.0.jar:/home/santiago/Projects/Research/verinice-master/sernet.gs.ui.rcp.main/testlib/com.springsource.org.apache.commons.lang-2.4.0.jar:/home/santiago/Projects/Research/verinice-master/sernet.gs.ui.rcp.main/testlib/com.springsource.org.apache.log4j-1.2.15.jar:/home/santiago/Projects/Research/verinice-master/sernet.gs.ui.rcp.main/testlib/hamcrest-core-1.3.jar:/home/santiago/Projects/Research/verinice-master/sernet.gs.ui.rcp.main/testlib/jlorem-1.3.jar:/home/santiago/Projects/Research/verinice-master/sernet.gs.ui.rcp.main/testlib/junit-4.11.jar:/home/santiago/Projects/Research/verinice-master/sernet.gs.ui.rcp.main/testlib/opencsv-3.3.jar:/home/santiago/Projects/Research/verinice-master/sernet.gs.ui.rcp.main/target/classes:/home/santiago/Projects/Research/verinice-master/sernet.gs.ui.rcp.main/target/test-classes:/home/santiago/Projects/Research/verinice-master/sernet.gs.service/target/classes:/home/santiago/Projects/Research/verinice-master/sernet.hui.common/target/classes:/home/santiago/.m2/repository/junit/junit/3.8.2/junit-3.8.2.jar:/home/santiago/.m2/repository/org/apache/ant/ant-launcher/1.9.4/ant-launcher-1.9.4.jar:/home/santiago/.m2/repository/org/apache/ant/ant/1.9.4/ant-1.9.4.jar:/home/santiago/.m2/repository/org/apache/ant/ant-junit/1.8.2/ant-junit-1.8.2.jar:/home/santiago/.m2/repository/org/apache/ant/ant-junit4/1.10.1/ant-junit4-1.10.1.jar" />
    <property name="p2.eclipse-plugin:sernet.gs.service:jar:lib/saxon9/saxon9-jdom.jar" value="/home/santiago/.m2/repository/.cache/tycho/sernet.gs.service-1.12.0-SNAPSHOT.jar/lib/saxon9/saxon9-jdom.jar" />
    <property name="p2.eclipse-plugin:com.springsource.org.apache.commons.logging:jar" value="/home/santiago/.m2/repository/p2/osgi/bundle/com.springsource.org.apache.commons.logging/1.1.1/com.springsource.org.apache.commons.logging-1.1.1.jar" />
    <property name="p2.eclipse-plugin:com.springsource.org.apache.ws.commons.schema:jar" value="/home/santiago/.m2/repository/p2/osgi/bundle/com.springsource.org.apache.ws.commons.schema/1.3.2/com.springsource.org.apache.ws.commons.schema-1.3.2.jar" />
    <property name="maven.dependency.p2.eclipse-plugin.javax.servlet.jar.path" value="/home/santiago/.m2/repository/p2/osgi/bundle/javax.servlet/2.5.0.v201103041518/javax.servlet-2.5.0.v201103041518.jar" />
    <property name="maven.dependency.p2.eclipse-plugin.sernet.gs.service.jar.path" value="/home/santiago/.m2/repository/sernet/verinice/sernet.gs.service/1.12.0-SNAPSHOT/sernet.gs.service-1.12.0-SNAPSHOT.jar" />
    <property name="maven.dependency.p2.eclipse-plugin.org.eclipse.core.runtime.compatibility.auth.jar.path" value="/home/santiago/.m2/repository/p2/osgi/bundle/org.eclipse.core.runtime.compatibility.auth/3.2.200.v20110110/org.eclipse.core.runtime.compatibility.auth-3.2.200.v20110110.jar" />
    <property name="tycho.env.osgi.ws" value="gtk" />
    <property name="maven.dependency.p2.eclipse-plugin.org.springframework.osgi.core.jar.path" value="/home/santiago/.m2/repository/p2/osgi/bundle/org.springframework.osgi.core/1.2.0/org.springframework.osgi.core-1.2.0.jar" />
    <property name="p2.eclipse-plugin:gnumail:jar:gnumail-providers-1.1.2.jar" value="/home/santiago/.m2/repository/.cache/tycho/gnumail-1.1.2.jar/gnumail-providers-1.1.2.jar" />
    <property name="os.version" value="4.4.0-127-generic" />
    <property name="maven.dependency.p2.eclipse-plugin.com.springsource.org.apache.log4j.jar.path" value="/home/santiago/.m2/repository/p2/osgi/bundle/com.springsource.org.apache.log4j/1.2.15/com.springsource.org.apache.log4j-1.2.15.jar" />
    <property name="maven.dependency.p2.eclipse-plugin.org.eclipse.osgi.services.jar.path" value="/home/santiago/.m2/repository/p2/osgi/bundle/org.eclipse.osgi.services/3.3.0.v20110513/org.eclipse.osgi.services-3.3.0.v20110513.jar" />
    <property name="maven.dependency.p2.eclipse-plugin.org.mortbay.jetty.util.jar.path" value="/home/santiago/.m2/repository/p2/osgi/bundle/org.mortbay.jetty.util/6.1.23.v201012071420/org.mortbay.jetty.util-6.1.23.v201012071420.jar" />
    <property name="maven.dependency.p2.eclipse-plugin.com.springsource.org.hibernate.jar.path" value="/home/santiago/.m2/repository/p2/osgi/bundle/com.springsource.org.hibernate/3.2.6.ga/com.springsource.org.hibernate-3.2.6.ga.jar" />
    <property name="maven.dependency.sernet.verinice.sernet.gs.ui.rcp.main.testlib/jlorem-1.3.jar.jar.path" value="/home/santiago/Projects/Research/verinice-master/sernet.gs.ui.rcp.main/testlib/jlorem-1.3.jar" />
    <property name="maven.dependency.p2.eclipse-plugin.org.apache.lucene.jar.path" value="/home/santiago/.m2/repository/p2/osgi/bundle/org.apache.lucene/2.9.1.v201101211721/org.apache.lucene-2.9.1.v201101211721.jar" />
    <property name="p2.eclipse-plugin:org.apache.lucene.highlighter:jar" value="/home/santiago/.m2/repository/p2/osgi/bundle/org.apache.lucene.highlighter/2.9.1.v20100421-0704/org.apache.lucene.highlighter-2.9.1.v20100421-0704.jar" />
    <property name="sun.desktop" value="gnome" />
    <property name="maven.dependency.p2.eclipse-plugin.org.eclipse.equinox.simpleconfigurator.jar.path" value="/home/santiago/.m2/repository/p2/osgi/bundle/org.eclipse.equinox.simpleconfigurator/1.0.200.v20110815-1438/org.eclipse.equinox.simpleconfigurator-1.0.200.v20110815-1438.jar" />
    <property name="maven.dependency.p2.eclipse-plugin.gnumail.gnumail-1.1.2.jar.jar.path" value="/home/santiago/.m2/repository/.cache/tycho/gnumail-1.1.2.jar/gnumail-1.1.2.jar" />
    <property name="p2.eclipse-plugin:org.eclipse.equinox.http.servlet:jar" value="/home/santiago/.m2/repository/p2/osgi/bundle/org.eclipse.equinox.http.servlet/1.1.200.v20110502/org.eclipse.equinox.http.servlet-1.1.200.v20110502.jar" />
    <property name="sernet.verinice:sernet.gs.ui.rcp.main:jar:lib/xstream/xpp3_min-1.1.3.4.O.jar" value="/home/santiago/Projects/Research/verinice-master/sernet.gs.ui.rcp.main/lib/xstream/xpp3_min-1.1.3.4.O.jar" />
    <property name="maven.dependency.p2.eclipse-plugin.jcommon-1.0.14.jar.path" value="/home/santiago/.m2/repository/p2/osgi/bundle/jcommon-1.0.14/1.0.14/jcommon-1.0.14-1.0.14.jar" />
    <property name="java.awt.graphicsenv" value="sun.awt.X11GraphicsEnvironment" />
    <property name="p2.eclipse-plugin:sernet.gs.service:jar:lib/saxon9/saxon9-dom.jar" value="/home/santiago/.m2/repository/.cache/tycho/sernet.gs.service-1.12.0-SNAPSHOT.jar/lib/saxon9/saxon9-dom.jar" />
    <property name="maven.dependency.p2.eclipse-plugin.sernet.hui.swtclient.lib/swtcalendar.jar.jar.path" value="/home/santiago/.m2/repository/.cache/tycho/sernet.hui.swtclient-1.1.2-SNAPSHOT.jar/lib/swtcalendar.jar" />
    <property name="java.vm.vendor" value="Oracle Corporation" />
    <property name="p2.eclipse-plugin:org.apache.servicemix.bundles.commons-beanutils:jar" value="/home/santiago/.m2/repository/p2/osgi/bundle/org.apache.servicemix.bundles.commons-beanutils/1.8.3.2/org.apache.servicemix.bundles.commons-beanutils-1.8.3.2.jar" />
    <property name="maven.dependency.p2.eclipse-plugin.com.springsource.org.apache.commons.discovery.jar.path" value="/home/santiago/.m2/repository/p2/osgi/bundle/com.springsource.org.apache.commons.discovery/0.4.0/com.springsource.org.apache.commons.discovery-0.4.0.jar" />
    <property name="maven.dependency.p2.eclipse-plugin.org.eclipse.swt.win32.win32.x86_64.jar.path" value="/home/santiago/.m2/repository/p2/osgi/bundle/org.eclipse.swt.win32.win32.x86_64/3.7.2.v3740f/org.eclipse.swt.win32.win32.x86_64-3.7.2.v3740f.jar" />
    <property name="maven.dependency.p2.eclipse-plugin.org.apache.commons.collections.jar.path" value="/home/santiago/.m2/repository/p2/osgi/bundle/org.apache.commons.collections/3.2.0.v201005080500/org.apache.commons.collections-3.2.0.v201005080500.jar" />
    <property name="p2.eclipse-plugin:org.apache.lucene.core:jar" value="/home/santiago/.m2/repository/p2/osgi/bundle/org.apache.lucene.core/2.9.1.v201101211721/org.apache.lucene.core-2.9.1.v201101211721.jar" />
    <property name="p2.eclipse-plugin:org.eclipse.equinox.p2.metadata.repository:jar" value="/home/santiago/.m2/repository/p2/osgi/bundle/org.eclipse.equinox.p2.metadata.repository/1.2.0.v20110815-1419/org.eclipse.equinox.p2.metadata.repository-1.2.0.v20110815-1419.jar" />
    <property name="maven.dependency.p2.eclipse-plugin.org.eclipse.swt.cocoa.macosx.x86_64.jar.path" value="/home/santiago/.m2/repository/p2/osgi/bundle/org.eclipse.swt.cocoa.macosx.x86_64/3.7.2.v3740f/org.eclipse.swt.cocoa.macosx.x86_64-3.7.2.v3740f.jar" />
    <property name="maven.dependency.p2.eclipse-plugin.com.springsource.javax.mail.jar.path" value="/home/santiago/.m2/repository/p2/osgi/bundle/com.springsource.javax.mail/1.4.1/com.springsource.javax.mail-1.4.1.jar" />
    <property name="maven.dependency.p2.eclipse-plugin.org.eclipse.equinox.p2.jarprocessor.jar.path" value="/home/santiago/.m2/repository/p2/osgi/bundle/org.eclipse.equinox.p2.jarprocessor/1.0.200.v20110815-1438/org.eclipse.equinox.p2.jarprocessor-1.0.200.v20110815-1438.jar" />
    <property name="maven.dependency.p2.eclipse-plugin.com.google.gson.jar.path" value="/home/santiago/.m2/repository/p2/osgi/bundle/com.google.gson/2.6.2/com.google.gson-2.6.2.jar" />
    <property name="ant.version" value="Apache Ant(TM) version 1.9.4 compiled on April 29 2014" />
    <property name="p2.eclipse-plugin:org.eclipse.swt:jar" value="/home/santiago/.m2/repository/p2/osgi/bundle/org.eclipse.swt/3.7.2.v3740f/org.eclipse.swt-3.7.2.v3740f.jar" />
    <property name="p2.eclipse-plugin:bouncycastle:jar:bcprov-jdk16-146.jar" value="/home/santiago/.m2/repository/.cache/tycho/bouncycastle-1.46.0.jar/bcprov-jdk16-146.jar" />
    <property name="p2.eclipse-plugin:com.springsource.net.sf.cglib:jar" value="/home/santiago/.m2/repository/p2/osgi/bundle/com.springsource.net.sf.cglib/2.1.3/com.springsource.net.sf.cglib-2.1.3.jar" />
    <property name="file.encoding" value="UTF-8" />
    <property name="p2.eclipse-plugin:com.springsource.org.hibernate:jar" value="/home/santiago/.m2/repository/p2/osgi/bundle/com.springsource.org.hibernate/3.2.6.ga/com.springsource.org.hibernate-3.2.6.ga.jar" />
    <property name="p2.eclipse-plugin:com.springsource.org.apache.axis:jar" value="/home/santiago/.m2/repository/p2/osgi/bundle/com.springsource.org.apache.axis/1.4.0/com.springsource.org.apache.axis-1.4.0.jar" />
    <property name="awt.toolkit" value="sun.awt.X11.XToolkit" />
    <property name="maven.dependency.p2.eclipse-plugin.org.eclipse.ui.cheatsheets.jar.path" value="/home/santiago/.m2/repository/p2/osgi/bundle/org.eclipse.ui.cheatsheets/3.4.100.v20110425/org.eclipse.ui.cheatsheets-3.4.100.v20110425.jar" />
    <property name="p2.eclipse-plugin:org.eclipse.equinox.security:jar" value="/home/santiago/.m2/repository/p2/osgi/bundle/org.eclipse.equinox.security/1.1.1.R37x_v20110822-1018/org.eclipse.equinox.security-1.1.1.R37x_v20110822-1018.jar" />
    <property name="maven.dependency.p2.eclipse-plugin.sernet.gs.service.lib/saxon9/saxon9-xom.jar.jar.path" value="/home/santiago/.m2/repository/.cache/tycho/sernet.gs.service-1.12.0-SNAPSHOT.jar/lib/saxon9/saxon9-xom.jar" />
  </properties>
  <system-out><![CDATA[]]></system-out>
  <system-err><![CDATA[]]></system-err>
</testsuite>
